<?xml version="1.0" encoding="UTF-8"?>
<!-- Generated by org.testng.reporters.JUnitXMLReporter -->
<testsuite ignored="0" hostname="DESKTOP-2SSI7FC" failures="0" tests="18" name="UpcomingBikesTest" time="47.899" errors="0" timestamp="2022-12-20T01:10:26 IST">
  <testcase classname="com.newbikes.test.UpcomingBikesTest" name="testUpcomingBike" time="3.59"/>
  <testcase classname="com.newbikes.test.UpcomingBikesTest" name="hoverOnNewBikesMenu" time="1.61"/>
  <testcase classname="com.newbikes.test.UpcomingBikesTest" name="clickUpcomingBikes" time="1.529"/>
  <testcase classname="com.newbikes.test.UpcomingBikesTest" name="selectManufacturer" time="1.514"/>
  <testcase classname="com.newbikes.test.UpcomingBikesTest" name="clickViewMoreButton" time="6.472"/>
  <testcase classname="com.newbikes.test.UpcomingBikesTest" name="printNewBikeModels" time="0.459"/>
  <testcase classname="com.newbikes.test.UpcomingBikesTest" name="testUpcomingBike" time="1.789"/>
  <testcase classname="com.newbikes.test.UpcomingBikesTest" name="hoverOnNewBikesMenu" time="1.672"/>
  <testcase classname="com.newbikes.test.UpcomingBikesTest" name="clickUpcomingBikes" time="2.123"/>
  <testcase classname="com.newbikes.test.UpcomingBikesTest" name="selectManufacturer" time="1.556"/>
  <testcase classname="com.newbikes.test.UpcomingBikesTest" name="clickViewMoreButton" time="6.549"/>
  <testcase classname="com.newbikes.test.UpcomingBikesTest" name="printNewBikeModels" time="0.563"/>
  <testcase classname="com.newbikes.test.UpcomingBikesTest" name="testUpcomingBike" time="4.445"/>
  <testcase classname="com.newbikes.test.UpcomingBikesTest" name="hoverOnNewBikesMenu" time="1.562"/>
  <testcase classname="com.newbikes.test.UpcomingBikesTest" name="clickUpcomingBikes" time="1.742"/>
  <testcase classname="com.newbikes.test.UpcomingBikesTest" name="selectManufacturer" time="1.969"/>
  <testcase classname="com.newbikes.test.UpcomingBikesTest" name="clickViewMoreButton" time="6.529"/>
  <testcase classname="com.newbikes.test.UpcomingBikesTest" name="printNewBikeModels" time="0.553"/>
</testsuite> <!-- UpcomingBikesTest -->
