<?xml version="1.0" encoding="UTF-8"?>
<!-- Generated by org.testng.reporters.JUnitXMLReporter -->
<testsuite ignored="0" hostname="DESKTOP-2SSI7FC" failures="0" tests="15" name="UsedCarsTest" time="195.96" errors="0" timestamp="2022-12-20T01:35:38 IST">
  <testcase classname="com.newbikes.test.UsedCarsTest" name="testUsedCars" time="3.588"/>
  <testcase classname="com.newbikes.test.UsedCarsTest" name="hoverOnUsedCars" time="1.591"/>
  <testcase classname="com.newbikes.test.UsedCarsTest" name="clickChennai" time="2.029"/>
  <testcase classname="com.newbikes.test.UsedCarsTest" name="clickAllPopularCars" time="35.621"/>
  <testcase classname="com.newbikes.test.UsedCarsTest" name="updateCarModelsInExcel" time="11.787"/>
  <testcase classname="com.newbikes.test.UsedCarsTest" name="testUsedCars" time="1.6"/>
  <testcase classname="com.newbikes.test.UsedCarsTest" name="hoverOnUsedCars" time="1.736"/>
  <testcase classname="com.newbikes.test.UsedCarsTest" name="clickChennai" time="2.561"/>
  <testcase classname="com.newbikes.test.UsedCarsTest" name="clickAllPopularCars" time="39.826"/>
  <testcase classname="com.newbikes.test.UsedCarsTest" name="updateCarModelsInExcel" time="23.785"/>
  <testcase classname="com.newbikes.test.UsedCarsTest" name="testUsedCars" time="4.138"/>
  <testcase classname="com.newbikes.test.UsedCarsTest" name="hoverOnUsedCars" time="1.562"/>
  <testcase classname="com.newbikes.test.UsedCarsTest" name="clickChennai" time="2.479"/>
  <testcase classname="com.newbikes.test.UsedCarsTest" name="clickAllPopularCars" time="37.874"/>
  <testcase classname="com.newbikes.test.UsedCarsTest" name="updateCarModelsInExcel" time="24.123"/>
</testsuite> <!-- UsedCarsTest -->
