<?xml version="1.0" encoding="UTF-8"?>
<!-- Generated by org.testng.reporters.JUnitXMLReporter -->
<testsuite ignored="0" hostname="DESKTOP-FU4RHC0" failures="0" tests="18" name="Default test" time="140.63" errors="0" timestamp="2022-12-20T18:15:26 IST">
  <testcase classname="com.newbikes.test.GoogleSignInTest" name="testGoogleSignIn" time="18.417"/>
  <testcase classname="com.newbikes.test.GoogleSignInTest" name="testGoogleSignIn" time="20.084"/>
  <testcase classname="com.newbikes.test.GoogleSignInTest" name="testGoogleSignIn" time="23.313"/>
  <testcase classname="com.newbikes.test.GoogleSignInTest" name="clickSignInButton" time="11.877"/>
  <testcase classname="com.newbikes.test.GoogleSignInTest" name="clickSignInButton" time="6.002"/>
  <testcase classname="com.newbikes.test.GoogleSignInTest" name="clickSignInButton" time="3.608"/>
  <testcase classname="com.newbikes.test.GoogleSignInTest" name="clickGoogleButton" time="4.291"/>
  <testcase classname="com.newbikes.test.GoogleSignInTest" name="clickGoogleButton" time="7.425"/>
  <testcase classname="com.newbikes.test.GoogleSignInTest" name="clickGoogleButton" time="5.373"/>
  <testcase classname="com.newbikes.test.GoogleSignInTest" name="enterUserName" time="3.561"/>
  <testcase classname="com.newbikes.test.GoogleSignInTest" name="enterUserName" time="1.708"/>
  <testcase classname="com.newbikes.test.GoogleSignInTest" name="enterUserName" time="1.411"/>
  <testcase classname="com.newbikes.test.GoogleSignInTest" name="clickNextButton" time="1.759"/>
  <testcase classname="com.newbikes.test.GoogleSignInTest" name="clickNextButton" time="1.677"/>
  <testcase classname="com.newbikes.test.GoogleSignInTest" name="clickNextButton" time="1.571"/>
  <testcase classname="com.newbikes.test.GoogleSignInTest" name="getErrorMessage" time="5.205"/>
  <testcase classname="com.newbikes.test.GoogleSignInTest" name="getErrorMessage" time="4.402"/>
  <testcase classname="com.newbikes.test.GoogleSignInTest" name="getErrorMessage" time="4.729"/>
</testsuite> <!-- Default test -->
