<?xml version="1.0" encoding="UTF-8"?>
<!-- Generated by org.testng.reporters.JUnitXMLReporter -->
<testsuite ignored="0" hostname="LAPTOP-E24ARRP0" failures="1" tests="15" name="UsedCarsTest" time="335.145" errors="0" timestamp="2023-01-19T18:28:22 IST">
  <testcase classname="com.newbikes.test.UsedCarsTest" name="testUsedCars" time="3.078"/>
  <testcase classname="com.newbikes.test.UsedCarsTest" name="hoverOnUsedCars" time="2.294"/>
  <testcase classname="com.newbikes.test.UsedCarsTest" name="clickChennai" time="22.287"/>
  <testcase classname="com.newbikes.test.UsedCarsTest" name="clickAllPopularCars" time="32.306"/>
  <testcase classname="com.newbikes.test.UsedCarsTest" name="updateCarModelsInExcel" time="162.221"/>
  <testcase classname="com.newbikes.test.UsedCarsTest" name="testUsedCars" time="6.941"/>
  <testcase classname="com.newbikes.test.UsedCarsTest" name="hoverOnUsedCars" time="1.894"/>
  <testcase classname="com.newbikes.test.UsedCarsTest" name="clickChennai" time="6.438"/>
  <testcase classname="com.newbikes.test.UsedCarsTest" name="clickAllPopularCars" time="45.468"/>
  <testcase classname="com.newbikes.test.UsedCarsTest" name="updateCarModelsInExcel" time="28.822"/>
  <testcase classname="com.newbikes.test.UsedCarsTest" name="testUsedCars" time="4.943"/>
  <testcase classname="com.newbikes.test.UsedCarsTest" name="hoverOnUsedCars" time="1.825"/>
  <testcase classname="com.newbikes.test.UsedCarsTest" name="clickChennai" time="11.553">
    <failure type="java.lang.AssertionError" message="null">
      <![CDATA[java.lang.AssertionError: null
at com.newbikes.test.UsedCarsTest.clickChennai(UsedCarsTest.java:57)
at java.base/java.util.ArrayList.forEach(ArrayList.java:1511)
... Removed 27 stack frames]]>
    </failure>
  </testcase> <!-- clickChennai -->
  <testcase classname="com.newbikes.test.UsedCarsTest" name="clickAllPopularCars" time="0.0">
    <skipped/>
  </testcase> <!-- clickAllPopularCars -->
  <testcase classname="com.newbikes.test.UsedCarsTest" name="updateCarModelsInExcel" time="0.0">
    <skipped/>
  </testcase> <!-- updateCarModelsInExcel -->
</testsuite> <!-- UsedCarsTest -->
