<?xml version="1.0" encoding="UTF-8"?>
<!-- Generated by org.testng.reporters.JUnitXMLReporter -->
<testsuite ignored="12" hostname="LAPTOP-E24ARRP0" failures="0" tests="6" name="Google Sign In Smoke test" time="21.591" errors="0" timestamp="2023-01-19T19:20:45 IST">
  <testcase classname="com.newbikes.test.GoogleSignInTest" name="testGoogleSignIn" time="4.101"/>
  <testcase classname="com.newbikes.test.GoogleSignInTest" name="clickSignInButton" time="2.494"/>
  <testcase classname="com.newbikes.test.GoogleSignInTest" name="testGoogleSignIn" time="2.616"/>
  <testcase classname="com.newbikes.test.GoogleSignInTest" name="clickSignInButton" time="1.881"/>
  <testcase classname="com.newbikes.test.GoogleSignInTest" name="testGoogleSignIn" time="6.175"/>
  <testcase classname="com.newbikes.test.GoogleSignInTest" name="clickSignInButton" time="1.645"/>
  <testcase classname="com.newbikes.test.GoogleSignInTest" name="clickGoogleButton" time="0.0">
    <ignored/>
  </testcase> <!-- clickGoogleButton -->
  <testcase classname="com.newbikes.test.GoogleSignInTest" name="enterUserName" time="0.0">
    <ignored/>
  </testcase> <!-- enterUserName -->
  <testcase classname="com.newbikes.test.GoogleSignInTest" name="clickGoogleButton" time="0.0">
    <ignored/>
  </testcase> <!-- clickGoogleButton -->
  <testcase classname="com.newbikes.test.GoogleSignInTest" name="clickNextButton" time="0.0">
    <ignored/>
  </testcase> <!-- clickNextButton -->
  <testcase classname="com.newbikes.test.GoogleSignInTest" name="enterUserName" time="0.0">
    <ignored/>
  </testcase> <!-- enterUserName -->
  <testcase classname="com.newbikes.test.GoogleSignInTest" name="getErrorMessage" time="0.0">
    <ignored/>
  </testcase> <!-- getErrorMessage -->
  <testcase classname="com.newbikes.test.GoogleSignInTest" name="clickNextButton" time="0.0">
    <ignored/>
  </testcase> <!-- clickNextButton -->
  <testcase classname="com.newbikes.test.GoogleSignInTest" name="getErrorMessage" time="0.0">
    <ignored/>
  </testcase> <!-- getErrorMessage -->
  <testcase classname="com.newbikes.test.GoogleSignInTest" name="clickNextButton" time="0.0">
    <ignored/>
  </testcase> <!-- clickNextButton -->
  <testcase classname="com.newbikes.test.GoogleSignInTest" name="getErrorMessage" time="0.0">
    <ignored/>
  </testcase> <!-- getErrorMessage -->
  <testcase classname="com.newbikes.test.GoogleSignInTest" name="enterUserName" time="0.0">
    <ignored/>
  </testcase> <!-- enterUserName -->
  <testcase classname="com.newbikes.test.GoogleSignInTest" name="clickGoogleButton" time="0.0">
    <ignored/>
  </testcase> <!-- clickGoogleButton -->
</testsuite> <!-- Google Sign In Smoke test -->
