<?xml version="1.0" encoding="UTF-8"?>
<!-- Generated by org.testng.reporters.JUnitXMLReporter -->
<testsuite ignored="33" hostname="DESKTOP-2SSI7FC" failures="0" tests="18" name="Smoke test" time="41.988" errors="0" timestamp="2022-12-20T01:55:21 IST">
  <testcase classname="com.newbikes.test.GoogleSignInTest" name="testGoogleSignIn" time="2.856"/>
  <testcase classname="com.newbikes.test.GoogleSignInTest" name="clickSignInButton" time="1.954"/>
  <testcase classname="com.newbikes.test.GoogleSignInTest" name="testGoogleSignIn" time="3.501"/>
  <testcase classname="com.newbikes.test.GoogleSignInTest" name="clickSignInButton" time="1.609"/>
  <testcase classname="com.newbikes.test.GoogleSignInTest" name="testGoogleSignIn" time="3.589"/>
  <testcase classname="com.newbikes.test.GoogleSignInTest" name="clickSignInButton" time="1.548"/>
  <testcase classname="com.newbikes.test.UpcomingBikesTest" name="testUpcomingBike" time="4.196"/>
  <testcase classname="com.newbikes.test.UpcomingBikesTest" name="hoverOnNewBikesMenu" time="1.586"/>
  <testcase classname="com.newbikes.test.UpcomingBikesTest" name="testUpcomingBike" time="1.665"/>
  <testcase classname="com.newbikes.test.UpcomingBikesTest" name="hoverOnNewBikesMenu" time="1.76"/>
  <testcase classname="com.newbikes.test.UpcomingBikesTest" name="testUpcomingBike" time="2.396"/>
  <testcase classname="com.newbikes.test.UpcomingBikesTest" name="hoverOnNewBikesMenu" time="1.796"/>
  <testcase classname="com.newbikes.test.UsedCarsTest" name="testUsedCars" time="3.566"/>
  <testcase classname="com.newbikes.test.UsedCarsTest" name="hoverOnUsedCars" time="1.658"/>
  <testcase classname="com.newbikes.test.UsedCarsTest" name="testUsedCars" time="1.804"/>
  <testcase classname="com.newbikes.test.UsedCarsTest" name="hoverOnUsedCars" time="1.643"/>
  <testcase classname="com.newbikes.test.UsedCarsTest" name="testUsedCars" time="3.022"/>
  <testcase classname="com.newbikes.test.UsedCarsTest" name="hoverOnUsedCars" time="1.796"/>
  <testcase classname="com.newbikes.test.UpcomingBikesTest" name="selectManufacturer" time="0.0">
    <ignored/>
  </testcase> <!-- selectManufacturer -->
  <testcase classname="com.newbikes.test.UsedCarsTest" name="clickChennai" time="0.0">
    <ignored/>
  </testcase> <!-- clickChennai -->
  <testcase classname="com.newbikes.test.GoogleSignInTest" name="enterUserName" time="0.0">
    <ignored/>
  </testcase> <!-- enterUserName -->
  <testcase classname="com.newbikes.test.GoogleSignInTest" name="enterUserName" time="0.0">
    <ignored/>
  </testcase> <!-- enterUserName -->
  <testcase classname="com.newbikes.test.GoogleSignInTest" name="clickNextButton" time="0.0">
    <ignored/>
  </testcase> <!-- clickNextButton -->
  <testcase classname="com.newbikes.test.UpcomingBikesTest" name="clickViewMoreButton" time="0.0">
    <ignored/>
  </testcase> <!-- clickViewMoreButton -->
  <testcase classname="com.newbikes.test.GoogleSignInTest" name="getErrorMessage" time="0.0">
    <ignored/>
  </testcase> <!-- getErrorMessage -->
  <testcase classname="com.newbikes.test.GoogleSignInTest" name="clickNextButton" time="0.0">
    <ignored/>
  </testcase> <!-- clickNextButton -->
  <testcase classname="com.newbikes.test.GoogleSignInTest" name="getErrorMessage" time="0.0">
    <ignored/>
  </testcase> <!-- getErrorMessage -->
  <testcase classname="com.newbikes.test.UpcomingBikesTest" name="printNewBikeModels" time="0.0">
    <ignored/>
  </testcase> <!-- printNewBikeModels -->
  <testcase classname="com.newbikes.test.UsedCarsTest" name="updateCarModelsInExcel" time="0.0">
    <ignored/>
  </testcase> <!-- updateCarModelsInExcel -->
  <testcase classname="com.newbikes.test.UpcomingBikesTest" name="selectManufacturer" time="0.0">
    <ignored/>
  </testcase> <!-- selectManufacturer -->
  <testcase classname="com.newbikes.test.UpcomingBikesTest" name="selectManufacturer" time="0.0">
    <ignored/>
  </testcase> <!-- selectManufacturer -->
  <testcase classname="com.newbikes.test.UsedCarsTest" name="clickChennai" time="0.0">
    <ignored/>
  </testcase> <!-- clickChennai -->
  <testcase classname="com.newbikes.test.UsedCarsTest" name="clickAllPopularCars" time="0.0">
    <ignored/>
  </testcase> <!-- clickAllPopularCars -->
  <testcase classname="com.newbikes.test.GoogleSignInTest" name="clickGoogleButton" time="0.0">
    <ignored/>
  </testcase> <!-- clickGoogleButton -->
  <testcase classname="com.newbikes.test.UsedCarsTest" name="updateCarModelsInExcel" time="0.0">
    <ignored/>
  </testcase> <!-- updateCarModelsInExcel -->
  <testcase classname="com.newbikes.test.UpcomingBikesTest" name="printNewBikeModels" time="0.0">
    <ignored/>
  </testcase> <!-- printNewBikeModels -->
  <testcase classname="com.newbikes.test.UpcomingBikesTest" name="clickUpcomingBikes" time="0.0">
    <ignored/>
  </testcase> <!-- clickUpcomingBikes -->
  <testcase classname="com.newbikes.test.UsedCarsTest" name="updateCarModelsInExcel" time="0.0">
    <ignored/>
  </testcase> <!-- updateCarModelsInExcel -->
  <testcase classname="com.newbikes.test.UpcomingBikesTest" name="printNewBikeModels" time="0.0">
    <ignored/>
  </testcase> <!-- printNewBikeModels -->
  <testcase classname="com.newbikes.test.UpcomingBikesTest" name="clickViewMoreButton" time="0.0">
    <ignored/>
  </testcase> <!-- clickViewMoreButton -->
  <testcase classname="com.newbikes.test.UpcomingBikesTest" name="clickUpcomingBikes" time="0.0">
    <ignored/>
  </testcase> <!-- clickUpcomingBikes -->
  <testcase classname="com.newbikes.test.UsedCarsTest" name="clickAllPopularCars" time="0.0">
    <ignored/>
  </testcase> <!-- clickAllPopularCars -->
  <testcase classname="com.newbikes.test.GoogleSignInTest" name="clickGoogleButton" time="0.0">
    <ignored/>
  </testcase> <!-- clickGoogleButton -->
  <testcase classname="com.newbikes.test.UsedCarsTest" name="clickChennai" time="0.0">
    <ignored/>
  </testcase> <!-- clickChennai -->
  <testcase classname="com.newbikes.test.UsedCarsTest" name="clickAllPopularCars" time="0.0">
    <ignored/>
  </testcase> <!-- clickAllPopularCars -->
  <testcase classname="com.newbikes.test.UpcomingBikesTest" name="clickUpcomingBikes" time="0.0">
    <ignored/>
  </testcase> <!-- clickUpcomingBikes -->
  <testcase classname="com.newbikes.test.UpcomingBikesTest" name="clickViewMoreButton" time="0.0">
    <ignored/>
  </testcase> <!-- clickViewMoreButton -->
  <testcase classname="com.newbikes.test.GoogleSignInTest" name="getErrorMessage" time="0.0">
    <ignored/>
  </testcase> <!-- getErrorMessage -->
  <testcase classname="com.newbikes.test.GoogleSignInTest" name="clickNextButton" time="0.0">
    <ignored/>
  </testcase> <!-- clickNextButton -->
  <testcase classname="com.newbikes.test.GoogleSignInTest" name="clickGoogleButton" time="0.0">
    <ignored/>
  </testcase> <!-- clickGoogleButton -->
  <testcase classname="com.newbikes.test.GoogleSignInTest" name="enterUserName" time="0.0">
    <ignored/>
  </testcase> <!-- enterUserName -->
</testsuite> <!-- Smoke test -->
