<?xml version="1.0" encoding="UTF-8"?>
<!-- Generated by org.testng.reporters.JUnitXMLReporter -->
<testsuite ignored="9" hostname="LAPTOP-E24ARRP0" failures="0" tests="9" name="Upcoming Bikes Smoke test" time="29.075" errors="0" timestamp="2023-01-19T19:21:14 IST">
  <testcase classname="com.newbikes.test.UpcomingBikesTest" name="testUpcomingBike" time="4.569"/>
  <testcase classname="com.newbikes.test.UpcomingBikesTest" name="hoverOnNewBikesMenu" time="1.811"/>
  <testcase classname="com.newbikes.test.UpcomingBikesTest" name="clickUpcomingBikes" time="2.988"/>
  <testcase classname="com.newbikes.test.UpcomingBikesTest" name="testUpcomingBike" time="3.535"/>
  <testcase classname="com.newbikes.test.UpcomingBikesTest" name="hoverOnNewBikesMenu" time="2.354"/>
  <testcase classname="com.newbikes.test.UpcomingBikesTest" name="clickUpcomingBikes" time="1.62"/>
  <testcase classname="com.newbikes.test.UpcomingBikesTest" name="testUpcomingBike" time="3.357"/>
  <testcase classname="com.newbikes.test.UpcomingBikesTest" name="hoverOnNewBikesMenu" time="1.863"/>
  <testcase classname="com.newbikes.test.UpcomingBikesTest" name="clickUpcomingBikes" time="4.254"/>
  <testcase classname="com.newbikes.test.UpcomingBikesTest" name="printNewBikeModels" time="0.0">
    <ignored/>
  </testcase> <!-- printNewBikeModels -->
  <testcase classname="com.newbikes.test.UpcomingBikesTest" name="selectManufacturer" time="0.0">
    <ignored/>
  </testcase> <!-- selectManufacturer -->
  <testcase classname="com.newbikes.test.UpcomingBikesTest" name="printNewBikeModels" time="0.0">
    <ignored/>
  </testcase> <!-- printNewBikeModels -->
  <testcase classname="com.newbikes.test.UpcomingBikesTest" name="clickViewMoreButton" time="0.0">
    <ignored/>
  </testcase> <!-- clickViewMoreButton -->
  <testcase classname="com.newbikes.test.UpcomingBikesTest" name="printNewBikeModels" time="0.0">
    <ignored/>
  </testcase> <!-- printNewBikeModels -->
  <testcase classname="com.newbikes.test.UpcomingBikesTest" name="selectManufacturer" time="0.0">
    <ignored/>
  </testcase> <!-- selectManufacturer -->
  <testcase classname="com.newbikes.test.UpcomingBikesTest" name="clickViewMoreButton" time="0.0">
    <ignored/>
  </testcase> <!-- clickViewMoreButton -->
  <testcase classname="com.newbikes.test.UpcomingBikesTest" name="clickViewMoreButton" time="0.0">
    <ignored/>
  </testcase> <!-- clickViewMoreButton -->
  <testcase classname="com.newbikes.test.UpcomingBikesTest" name="selectManufacturer" time="0.0">
    <ignored/>
  </testcase> <!-- selectManufacturer -->
</testsuite> <!-- Upcoming Bikes Smoke test -->
