<?xml version="1.0" encoding="UTF-8"?>
<!-- Generated by org.testng.reporters.JUnitXMLReporter -->
<testsuite ignored="6" hostname="LAPTOP-E24ARRP0" failures="0" tests="9" name="Used Cars Smoke test" time="28.245" errors="0" timestamp="2023-01-19T19:21:42 IST">
  <testcase classname="com.newbikes.test.UsedCarsTest" name="testUsedCars" time="2.402"/>
  <testcase classname="com.newbikes.test.UsedCarsTest" name="hoverOnUsedCars" time="1.86"/>
  <testcase classname="com.newbikes.test.UsedCarsTest" name="clickChennai" time="3.73"/>
  <testcase classname="com.newbikes.test.UsedCarsTest" name="testUsedCars" time="3.758"/>
  <testcase classname="com.newbikes.test.UsedCarsTest" name="hoverOnUsedCars" time="2.45"/>
  <testcase classname="com.newbikes.test.UsedCarsTest" name="clickChennai" time="2.319"/>
  <testcase classname="com.newbikes.test.UsedCarsTest" name="testUsedCars" time="3.241"/>
  <testcase classname="com.newbikes.test.UsedCarsTest" name="hoverOnUsedCars" time="1.846"/>
  <testcase classname="com.newbikes.test.UsedCarsTest" name="clickChennai" time="3.109"/>
  <testcase classname="com.newbikes.test.UsedCarsTest" name="updateCarModelsInExcel" time="0.0">
    <ignored/>
  </testcase> <!-- updateCarModelsInExcel -->
  <testcase classname="com.newbikes.test.UsedCarsTest" name="updateCarModelsInExcel" time="0.0">
    <ignored/>
  </testcase> <!-- updateCarModelsInExcel -->
  <testcase classname="com.newbikes.test.UsedCarsTest" name="clickAllPopularCars" time="0.0">
    <ignored/>
  </testcase> <!-- clickAllPopularCars -->
  <testcase classname="com.newbikes.test.UsedCarsTest" name="updateCarModelsInExcel" time="0.0">
    <ignored/>
  </testcase> <!-- updateCarModelsInExcel -->
  <testcase classname="com.newbikes.test.UsedCarsTest" name="clickAllPopularCars" time="0.0">
    <ignored/>
  </testcase> <!-- clickAllPopularCars -->
  <testcase classname="com.newbikes.test.UsedCarsTest" name="clickAllPopularCars" time="0.0">
    <ignored/>
  </testcase> <!-- clickAllPopularCars -->
</testsuite> <!-- Used Cars Smoke test -->
