<?xml version="1.0" encoding="UTF-8"?>
<!-- Generated by org.testng.reporters.JUnitXMLReporter -->
<testsuite ignored="0" hostname="DESKTOP-2SSI7FC" failures="0" tests="18" name="GoogleSignInTest" time="43.175" errors="0" timestamp="2022-12-20T02:45:56 IST">
  <testcase classname="com.newbikes.test.GoogleSignInTest" name="testGoogleSignIn" time="5.234"/>
  <testcase classname="com.newbikes.test.GoogleSignInTest" name="clickSignInButton" time="1.537"/>
  <testcase classname="com.newbikes.test.GoogleSignInTest" name="clickGoogleButton" time="1.736"/>
  <testcase classname="com.newbikes.test.GoogleSignInTest" name="enterUserName" time="1.69"/>
  <testcase classname="com.newbikes.test.GoogleSignInTest" name="clickNextButton" time="1.331"/>
  <testcase classname="com.newbikes.test.GoogleSignInTest" name="getErrorMessage" time="4.125"/>
  <testcase classname="com.newbikes.test.GoogleSignInTest" name="testGoogleSignIn" time="3.08"/>
  <testcase classname="com.newbikes.test.GoogleSignInTest" name="clickSignInButton" time="1.8"/>
  <testcase classname="com.newbikes.test.GoogleSignInTest" name="clickGoogleButton" time="1.541"/>
  <testcase classname="com.newbikes.test.GoogleSignInTest" name="enterUserName" time="1.49"/>
  <testcase classname="com.newbikes.test.GoogleSignInTest" name="clickNextButton" time="1.301"/>
  <testcase classname="com.newbikes.test.GoogleSignInTest" name="getErrorMessage" time="4.061"/>
  <testcase classname="com.newbikes.test.GoogleSignInTest" name="testGoogleSignIn" time="1.937"/>
  <testcase classname="com.newbikes.test.GoogleSignInTest" name="clickSignInButton" time="1.607"/>
  <testcase classname="com.newbikes.test.GoogleSignInTest" name="clickGoogleButton" time="1.697"/>
  <testcase classname="com.newbikes.test.GoogleSignInTest" name="enterUserName" time="2.081"/>
  <testcase classname="com.newbikes.test.GoogleSignInTest" name="clickNextButton" time="1.323"/>
  <testcase classname="com.newbikes.test.GoogleSignInTest" name="getErrorMessage" time="4.095"/>
</testsuite> <!-- GoogleSignInTest -->
