<?xml version="1.0" encoding="UTF-8"?>
<!-- Generated by org.testng.reporters.JUnitXMLReporter -->
<testsuite ignored="0" hostname="DESKTOP-2SSI7FC" failures="0" tests="15" name="UsedCarsTest" time="185.648" errors="0" timestamp="2022-12-20T02:49:48 IST">
  <testcase classname="com.newbikes.test.UsedCarsTest" name="testUsedCars" time="1.718"/>
  <testcase classname="com.newbikes.test.UsedCarsTest" name="hoverOnUsedCars" time="1.76"/>
  <testcase classname="com.newbikes.test.UsedCarsTest" name="clickChennai" time="2.402"/>
  <testcase classname="com.newbikes.test.UsedCarsTest" name="clickAllPopularCars" time="37.841"/>
  <testcase classname="com.newbikes.test.UsedCarsTest" name="updateCarModelsInExcel" time="23.827"/>
  <testcase classname="com.newbikes.test.UsedCarsTest" name="testUsedCars" time="4.351"/>
  <testcase classname="com.newbikes.test.UsedCarsTest" name="hoverOnUsedCars" time="1.576"/>
  <testcase classname="com.newbikes.test.UsedCarsTest" name="clickChennai" time="2.542"/>
  <testcase classname="com.newbikes.test.UsedCarsTest" name="clickAllPopularCars" time="33.786"/>
  <testcase classname="com.newbikes.test.UsedCarsTest" name="updateCarModelsInExcel" time="24.691"/>
  <testcase classname="com.newbikes.test.UsedCarsTest" name="testUsedCars" time="2.78"/>
  <testcase classname="com.newbikes.test.UsedCarsTest" name="hoverOnUsedCars" time="1.736"/>
  <testcase classname="com.newbikes.test.UsedCarsTest" name="clickChennai" time="2.033"/>
  <testcase classname="com.newbikes.test.UsedCarsTest" name="clickAllPopularCars" time="31.623"/>
  <testcase classname="com.newbikes.test.UsedCarsTest" name="updateCarModelsInExcel" time="11.116"/>
</testsuite> <!-- UsedCarsTest -->
