<?xml version="1.0" encoding="UTF-8" ?>
<testsuite tests="51" failures="0" name="TestSuite" time="270.423" errors="0" skipped="0">
  <properties>
[...]
</properties>
  <testcase classname="com.newbikes.test.GoogleSignInTest" name="testGoogleSignIn" time="5.234"/>
  <testcase classname="com.newbikes.test.GoogleSignInTest" name="clickSignInButton" time="1.537"/>
  <testcase classname="com.newbikes.test.GoogleSignInTest" name="clickGoogleButton" time="1.741"/>
  <testcase classname="com.newbikes.test.GoogleSignInTest" name="enterUserName" time="1.69"/>
  <testcase classname="com.newbikes.test.GoogleSignInTest" name="clickNextButton" time="1.337"/>
  <testcase classname="com.newbikes.test.GoogleSignInTest" name="getErrorMessage" time="4.125"/>
  <testcase classname="com.newbikes.test.GoogleSignInTest" name="testGoogleSignIn" time="3.081"/>
  <testcase classname="com.newbikes.test.GoogleSignInTest" name="clickSignInButton" time="1.799"/>
  <testcase classname="com.newbikes.test.GoogleSignInTest" name="clickGoogleButton" time="1.541"/>
  <testcase classname="com.newbikes.test.GoogleSignInTest" name="enterUserName" time="1.49"/>
  <testcase classname="com.newbikes.test.GoogleSignInTest" name="clickNextButton" time="1.301"/>
  <testcase classname="com.newbikes.test.GoogleSignInTest" name="getErrorMessage" time="4.062"/>
  <testcase classname="com.newbikes.test.GoogleSignInTest" name="testGoogleSignIn" time="1.936"/>
  <testcase classname="com.newbikes.test.GoogleSignInTest" name="clickSignInButton" time="1.608"/>
  <testcase classname="com.newbikes.test.GoogleSignInTest" name="clickGoogleButton" time="1.698"/>
  <testcase classname="com.newbikes.test.GoogleSignInTest" name="enterUserName" time="2.081"/>
  <testcase classname="com.newbikes.test.GoogleSignInTest" name="clickNextButton" time="1.323"/>
  <testcase classname="com.newbikes.test.GoogleSignInTest" name="getErrorMessage" time="4.095"/>
  <testcase classname="com.newbikes.test.UpcomingBikesTest" name="testUpcomingBike" time="1.693"/>
  <testcase classname="com.newbikes.test.UpcomingBikesTest" name="hoverOnNewBikesMenu" time="1.743"/>
  <testcase classname="com.newbikes.test.UpcomingBikesTest" name="clickUpcomingBikes" time="2.701"/>
  <testcase classname="com.newbikes.test.UpcomingBikesTest" name="selectManufacturer" time="1.545"/>
  <testcase classname="com.newbikes.test.UpcomingBikesTest" name="clickViewMoreButton" time="6.552"/>
  <testcase classname="com.newbikes.test.UpcomingBikesTest" name="printNewBikeModels" time="0.795"/>
  <testcase classname="com.newbikes.test.UpcomingBikesTest" name="testUpcomingBike" time="3.627"/>
  <testcase classname="com.newbikes.test.UpcomingBikesTest" name="hoverOnNewBikesMenu" time="1.618"/>
  <testcase classname="com.newbikes.test.UpcomingBikesTest" name="clickUpcomingBikes" time="1.712"/>
  <testcase classname="com.newbikes.test.UpcomingBikesTest" name="selectManufacturer" time="1.652"/>
  <testcase classname="com.newbikes.test.UpcomingBikesTest" name="clickViewMoreButton" time="6.589"/>
  <testcase classname="com.newbikes.test.UpcomingBikesTest" name="printNewBikeModels" time="0.527"/>
  <testcase classname="com.newbikes.test.UpcomingBikesTest" name="testUpcomingBike" time="2.724"/>
  <testcase classname="com.newbikes.test.UpcomingBikesTest" name="hoverOnNewBikesMenu" time="1.77"/>
  <testcase classname="com.newbikes.test.UpcomingBikesTest" name="clickUpcomingBikes" time="1.475"/>
  <testcase classname="com.newbikes.test.UpcomingBikesTest" name="selectManufacturer" time="1.496"/>
  <testcase classname="com.newbikes.test.UpcomingBikesTest" name="clickViewMoreButton" time="6.452"/>
  <testcase classname="com.newbikes.test.UpcomingBikesTest" name="printNewBikeModels" time="0.271"/>
  <testcase classname="com.newbikes.test.UsedCarsTest" name="testUsedCars" time="1.718"/>
  <testcase classname="com.newbikes.test.UsedCarsTest" name="hoverOnUsedCars" time="1.761"/>
  <testcase classname="com.newbikes.test.UsedCarsTest" name="clickChennai" time="2.402"/>
  <testcase classname="com.newbikes.test.UsedCarsTest" name="clickAllPopularCars" time="37.841"/>
  <testcase classname="com.newbikes.test.UsedCarsTest" name="updateCarModelsInExcel" time="23.84"/>
  <testcase classname="com.newbikes.test.UsedCarsTest" name="testUsedCars" time="4.352"/>
  <testcase classname="com.newbikes.test.UsedCarsTest" name="hoverOnUsedCars" time="1.576"/>
  <testcase classname="com.newbikes.test.UsedCarsTest" name="clickChennai" time="2.542"/>
  <testcase classname="com.newbikes.test.UsedCarsTest" name="clickAllPopularCars" time="33.786"/>
  <testcase classname="com.newbikes.test.UsedCarsTest" name="updateCarModelsInExcel" time="24.692"/>
  <testcase classname="com.newbikes.test.UsedCarsTest" name="testUsedCars" time="2.781"/>
  <testcase classname="com.newbikes.test.UsedCarsTest" name="hoverOnUsedCars" time="1.736"/>
  <testcase classname="com.newbikes.test.UsedCarsTest" name="clickChennai" time="2.033"/>
  <testcase classname="com.newbikes.test.UsedCarsTest" name="clickAllPopularCars" time="31.625"/>
  <testcase classname="com.newbikes.test.UsedCarsTest" name="updateCarModelsInExcel" time="11.117"/>
</testsuite>