<?xml version="1.0" encoding="UTF-8"?>
<testng-results ignored="0" total="51" passed="51" failed="0" skipped="0">
  <reporter-output>
  </reporter-output>
  <suite started-at="2022-12-20T02:45:13 IST" name="IdentifyBikes Regression Test" finished-at="2022-12-20T02:49:48 IST" duration-ms="275312">
    <groups>
      <group name="usedCarsSmokeTest">
        <method signature="UsedCarsTest.testUsedCars()[pri:1, instance:com.newbikes.test.UsedCarsTest@535779e4, instance params:[{Browser=Chrome}]]" name="testUsedCars" class="com.newbikes.test.UsedCarsTest"/>
        <method signature="UsedCarsTest.testUsedCars()[pri:1, instance:com.newbikes.test.UsedCarsTest@53fd0d10, instance params:[{Browser=Edge}]]" name="testUsedCars" class="com.newbikes.test.UsedCarsTest"/>
        <method signature="UsedCarsTest.testUsedCars()[pri:1, instance:com.newbikes.test.UsedCarsTest@6c0d9d86, instance params:[{Browser=Firefox}]]" name="testUsedCars" class="com.newbikes.test.UsedCarsTest"/>
        <method signature="UsedCarsTest.hoverOnUsedCars()[pri:2, instance:com.newbikes.test.UsedCarsTest@535779e4, instance params:[{Browser=Chrome}]]" name="hoverOnUsedCars" class="com.newbikes.test.UsedCarsTest"/>
        <method signature="UsedCarsTest.hoverOnUsedCars()[pri:2, instance:com.newbikes.test.UsedCarsTest@53fd0d10, instance params:[{Browser=Edge}]]" name="hoverOnUsedCars" class="com.newbikes.test.UsedCarsTest"/>
        <method signature="UsedCarsTest.hoverOnUsedCars()[pri:2, instance:com.newbikes.test.UsedCarsTest@6c0d9d86, instance params:[{Browser=Firefox}]]" name="hoverOnUsedCars" class="com.newbikes.test.UsedCarsTest"/>
        <method signature="UsedCarsTest.clickChennai()[pri:3, instance:com.newbikes.test.UsedCarsTest@535779e4, instance params:[{Browser=Chrome}]]" name="clickChennai" class="com.newbikes.test.UsedCarsTest"/>
        <method signature="UsedCarsTest.clickChennai()[pri:3, instance:com.newbikes.test.UsedCarsTest@53fd0d10, instance params:[{Browser=Edge}]]" name="clickChennai" class="com.newbikes.test.UsedCarsTest"/>
        <method signature="UsedCarsTest.clickChennai()[pri:3, instance:com.newbikes.test.UsedCarsTest@6c0d9d86, instance params:[{Browser=Firefox}]]" name="clickChennai" class="com.newbikes.test.UsedCarsTest"/>
      </group> <!-- usedCarsSmokeTest -->
      <group name="upcomingBikesSmokeTest">
        <method signature="UpcomingBikesTest.testUpcomingBike()[pri:1, instance:com.newbikes.test.UpcomingBikesTest@19835e64, instance params:[{Manufacturer=Honda, Browser=Chrome}]]" name="testUpcomingBike" class="com.newbikes.test.UpcomingBikesTest"/>
        <method signature="UpcomingBikesTest.testUpcomingBike()[pri:1, instance:com.newbikes.test.UpcomingBikesTest@68b32e3e, instance params:[{Manufacturer=Honda, Browser=Edge}]]" name="testUpcomingBike" class="com.newbikes.test.UpcomingBikesTest"/>
        <method signature="UpcomingBikesTest.testUpcomingBike()[pri:1, instance:com.newbikes.test.UpcomingBikesTest@bcef303, instance params:[{Manufacturer=Honda, Browser=Firefox}]]" name="testUpcomingBike" class="com.newbikes.test.UpcomingBikesTest"/>
        <method signature="UpcomingBikesTest.hoverOnNewBikesMenu()[pri:2, instance:com.newbikes.test.UpcomingBikesTest@19835e64, instance params:[{Manufacturer=Honda, Browser=Chrome}]]" name="hoverOnNewBikesMenu" class="com.newbikes.test.UpcomingBikesTest"/>
        <method signature="UpcomingBikesTest.hoverOnNewBikesMenu()[pri:2, instance:com.newbikes.test.UpcomingBikesTest@68b32e3e, instance params:[{Manufacturer=Honda, Browser=Edge}]]" name="hoverOnNewBikesMenu" class="com.newbikes.test.UpcomingBikesTest"/>
        <method signature="UpcomingBikesTest.hoverOnNewBikesMenu()[pri:2, instance:com.newbikes.test.UpcomingBikesTest@bcef303, instance params:[{Manufacturer=Honda, Browser=Firefox}]]" name="hoverOnNewBikesMenu" class="com.newbikes.test.UpcomingBikesTest"/>
        <method signature="UpcomingBikesTest.clickUpcomingBikes()[pri:3, instance:com.newbikes.test.UpcomingBikesTest@19835e64, instance params:[{Manufacturer=Honda, Browser=Chrome}]]" name="clickUpcomingBikes" class="com.newbikes.test.UpcomingBikesTest"/>
        <method signature="UpcomingBikesTest.clickUpcomingBikes()[pri:3, instance:com.newbikes.test.UpcomingBikesTest@68b32e3e, instance params:[{Manufacturer=Honda, Browser=Edge}]]" name="clickUpcomingBikes" class="com.newbikes.test.UpcomingBikesTest"/>
        <method signature="UpcomingBikesTest.clickUpcomingBikes()[pri:3, instance:com.newbikes.test.UpcomingBikesTest@bcef303, instance params:[{Manufacturer=Honda, Browser=Firefox}]]" name="clickUpcomingBikes" class="com.newbikes.test.UpcomingBikesTest"/>
      </group> <!-- upcomingBikesSmokeTest -->
      <group name="googleSignInSmokeTest">
        <method signature="GoogleSignInTest.testGoogleSignIn()[pri:1, instance:com.newbikes.test.GoogleSignInTest@146dfe6, instance params:[{Username=testmail@gmail.com, Browser=Edge}]]" name="testGoogleSignIn" class="com.newbikes.test.GoogleSignInTest"/>
        <method signature="GoogleSignInTest.testGoogleSignIn()[pri:1, instance:com.newbikes.test.GoogleSignInTest@4716be8b, instance params:[{Username=testmail@gmail.com, Browser=Firefox}]]" name="testGoogleSignIn" class="com.newbikes.test.GoogleSignInTest"/>
        <method signature="GoogleSignInTest.testGoogleSignIn()[pri:1, instance:com.newbikes.test.GoogleSignInTest@74589991, instance params:[{Username=testmail@gmail.com, Browser=Chrome}]]" name="testGoogleSignIn" class="com.newbikes.test.GoogleSignInTest"/>
        <method signature="GoogleSignInTest.clickSignInButton()[pri:2, instance:com.newbikes.test.GoogleSignInTest@146dfe6, instance params:[{Username=testmail@gmail.com, Browser=Edge}]]" name="clickSignInButton" class="com.newbikes.test.GoogleSignInTest"/>
        <method signature="GoogleSignInTest.clickSignInButton()[pri:2, instance:com.newbikes.test.GoogleSignInTest@4716be8b, instance params:[{Username=testmail@gmail.com, Browser=Firefox}]]" name="clickSignInButton" class="com.newbikes.test.GoogleSignInTest"/>
        <method signature="GoogleSignInTest.clickSignInButton()[pri:2, instance:com.newbikes.test.GoogleSignInTest@74589991, instance params:[{Username=testmail@gmail.com, Browser=Chrome}]]" name="clickSignInButton" class="com.newbikes.test.GoogleSignInTest"/>
      </group> <!-- googleSignInSmokeTest -->
    </groups>
    <test started-at="2022-12-20T02:45:13 IST" name="GoogleSignInTest" finished-at="2022-12-20T02:45:56 IST" duration-ms="43175">
      <class name="com.newbikes.test.GoogleSignInTest">
        <test-method is-config="true" signature="BeforeSuite()[pri:0, instance:com.newbikes.test.GoogleSignInTest@4716be8b, instance params:[{Username=testmail@gmail.com, Browser=Firefox}]]" started-at="2022-12-20T02:45:13 IST" name="BeforeSuite" finished-at="2022-12-20T02:45:13 IST" duration-ms="57" status="PASS">
          <reporter-output>
          </reporter-output>
        </test-method> <!-- BeforeSuite -->
        <test-method signature="testGoogleSignIn()[pri:1, instance:com.newbikes.test.GoogleSignInTest@146dfe6, instance params:[{Username=testmail@gmail.com, Browser=Edge}]]" started-at="2022-12-20T02:45:13 IST" name="testGoogleSignIn" finished-at="2022-12-20T02:45:18 IST" duration-ms="5234" status="PASS">
          <reporter-output>
          </reporter-output>
        </test-method> <!-- testGoogleSignIn -->
        <test-method is-config="true" signature="flush()[pri:0, instance:com.newbikes.test.GoogleSignInTest@4716be8b, instance params:[{Username=testmail@gmail.com, Browser=Firefox}]]" started-at="2022-12-20T02:45:18 IST" name="flush" finished-at="2022-12-20T02:45:18 IST" duration-ms="143" status="PASS">
          <reporter-output>
          </reporter-output>
        </test-method> <!-- flush -->
        <test-method is-config="true" signature="BeforeSuite()[pri:0, instance:com.newbikes.test.GoogleSignInTest@4716be8b, instance params:[{Username=testmail@gmail.com, Browser=Firefox}]]" started-at="2022-12-20T02:45:18 IST" name="BeforeSuite" finished-at="2022-12-20T02:45:18 IST" duration-ms="1" status="PASS">
          <reporter-output>
          </reporter-output>
        </test-method> <!-- BeforeSuite -->
        <test-method signature="clickSignInButton()[pri:2, instance:com.newbikes.test.GoogleSignInTest@146dfe6, instance params:[{Username=testmail@gmail.com, Browser=Edge}]]" started-at="2022-12-20T02:45:18 IST" name="clickSignInButton" finished-at="2022-12-20T02:45:20 IST" depends-on-methods="com.newbikes.test.GoogleSignInTest.testGoogleSignIn" duration-ms="1537" status="PASS">
          <reporter-output>
          </reporter-output>
        </test-method> <!-- clickSignInButton -->
        <test-method is-config="true" signature="flush()[pri:0, instance:com.newbikes.test.GoogleSignInTest@4716be8b, instance params:[{Username=testmail@gmail.com, Browser=Firefox}]]" started-at="2022-12-20T02:45:20 IST" name="flush" finished-at="2022-12-20T02:45:20 IST" duration-ms="11" status="PASS">
          <reporter-output>
          </reporter-output>
        </test-method> <!-- flush -->
        <test-method signature="clickGoogleButton()[pri:3, instance:com.newbikes.test.GoogleSignInTest@146dfe6, instance params:[{Username=testmail@gmail.com, Browser=Edge}]]" started-at="2022-12-20T02:45:20 IST" name="clickGoogleButton" finished-at="2022-12-20T02:45:22 IST" depends-on-methods="com.newbikes.test.GoogleSignInTest.clickSignInButton" duration-ms="1736" status="PASS">
          <reporter-output>
          </reporter-output>
        </test-method> <!-- clickGoogleButton -->
        <test-method is-config="true" signature="BeforeSuite()[pri:0, instance:com.newbikes.test.GoogleSignInTest@4716be8b, instance params:[{Username=testmail@gmail.com, Browser=Firefox}]]" started-at="2022-12-20T02:45:20 IST" name="BeforeSuite" finished-at="2022-12-20T02:45:20 IST" duration-ms="0" status="PASS">
          <reporter-output>
          </reporter-output>
        </test-method> <!-- BeforeSuite -->
        <test-method is-config="true" signature="flush()[pri:0, instance:com.newbikes.test.GoogleSignInTest@4716be8b, instance params:[{Username=testmail@gmail.com, Browser=Firefox}]]" started-at="2022-12-20T02:45:22 IST" name="flush" finished-at="2022-12-20T02:45:22 IST" duration-ms="17" status="PASS">
          <reporter-output>
          </reporter-output>
        </test-method> <!-- flush -->
        <test-method signature="enterUserName()[pri:4, instance:com.newbikes.test.GoogleSignInTest@146dfe6, instance params:[{Username=testmail@gmail.com, Browser=Edge}]]" started-at="2022-12-20T02:45:22 IST" name="enterUserName" finished-at="2022-12-20T02:45:23 IST" depends-on-methods="com.newbikes.test.GoogleSignInTest.clickGoogleButton" duration-ms="1690" status="PASS">
          <reporter-output>
          </reporter-output>
        </test-method> <!-- enterUserName -->
        <test-method is-config="true" signature="BeforeSuite()[pri:0, instance:com.newbikes.test.GoogleSignInTest@4716be8b, instance params:[{Username=testmail@gmail.com, Browser=Firefox}]]" started-at="2022-12-20T02:45:22 IST" name="BeforeSuite" finished-at="2022-12-20T02:45:22 IST" duration-ms="0" status="PASS">
          <reporter-output>
          </reporter-output>
        </test-method> <!-- BeforeSuite -->
        <test-method is-config="true" signature="flush()[pri:0, instance:com.newbikes.test.GoogleSignInTest@4716be8b, instance params:[{Username=testmail@gmail.com, Browser=Firefox}]]" started-at="2022-12-20T02:45:23 IST" name="flush" finished-at="2022-12-20T02:45:23 IST" duration-ms="14" status="PASS">
          <reporter-output>
          </reporter-output>
        </test-method> <!-- flush -->
        <test-method signature="clickNextButton()[pri:5, instance:com.newbikes.test.GoogleSignInTest@146dfe6, instance params:[{Username=testmail@gmail.com, Browser=Edge}]]" started-at="2022-12-20T02:45:23 IST" name="clickNextButton" finished-at="2022-12-20T02:45:25 IST" depends-on-methods="com.newbikes.test.GoogleSignInTest.enterUserName" duration-ms="1331" status="PASS">
          <reporter-output>
          </reporter-output>
        </test-method> <!-- clickNextButton -->
        <test-method is-config="true" signature="BeforeSuite()[pri:0, instance:com.newbikes.test.GoogleSignInTest@4716be8b, instance params:[{Username=testmail@gmail.com, Browser=Firefox}]]" started-at="2022-12-20T02:45:23 IST" name="BeforeSuite" finished-at="2022-12-20T02:45:23 IST" duration-ms="0" status="PASS">
          <reporter-output>
          </reporter-output>
        </test-method> <!-- BeforeSuite -->
        <test-method is-config="true" signature="flush()[pri:0, instance:com.newbikes.test.GoogleSignInTest@4716be8b, instance params:[{Username=testmail@gmail.com, Browser=Firefox}]]" started-at="2022-12-20T02:45:25 IST" name="flush" finished-at="2022-12-20T02:45:25 IST" duration-ms="25" status="PASS">
          <reporter-output>
          </reporter-output>
        </test-method> <!-- flush -->
        <test-method signature="getErrorMessage()[pri:6, instance:com.newbikes.test.GoogleSignInTest@146dfe6, instance params:[{Username=testmail@gmail.com, Browser=Edge}]]" started-at="2022-12-20T02:45:25 IST" name="getErrorMessage" finished-at="2022-12-20T02:45:29 IST" depends-on-methods="com.newbikes.test.GoogleSignInTest.clickNextButton" duration-ms="4125" status="PASS">
          <reporter-output>
          </reporter-output>
        </test-method> <!-- getErrorMessage -->
        <test-method is-config="true" signature="BeforeSuite()[pri:0, instance:com.newbikes.test.GoogleSignInTest@4716be8b, instance params:[{Username=testmail@gmail.com, Browser=Firefox}]]" started-at="2022-12-20T02:45:25 IST" name="BeforeSuite" finished-at="2022-12-20T02:45:25 IST" duration-ms="0" status="PASS">
          <reporter-output>
          </reporter-output>
        </test-method> <!-- BeforeSuite -->
        <test-method is-config="true" signature="flush()[pri:0, instance:com.newbikes.test.GoogleSignInTest@4716be8b, instance params:[{Username=testmail@gmail.com, Browser=Firefox}]]" started-at="2022-12-20T02:45:29 IST" name="flush" finished-at="2022-12-20T02:45:29 IST" duration-ms="32" status="PASS">
          <reporter-output>
          </reporter-output>
        </test-method> <!-- flush -->
        <test-method is-config="true" signature="tearDown()[pri:0, instance:com.newbikes.test.GoogleSignInTest@4716be8b, instance params:[{Username=testmail@gmail.com, Browser=Firefox}]]" started-at="2022-12-20T02:45:29 IST" name="tearDown" finished-at="2022-12-20T02:45:29 IST" duration-ms="212" status="PASS">
          <reporter-output>
          </reporter-output>
        </test-method> <!-- tearDown -->
        <test-method signature="testGoogleSignIn()[pri:1, instance:com.newbikes.test.GoogleSignInTest@4716be8b, instance params:[{Username=testmail@gmail.com, Browser=Firefox}]]" started-at="2022-12-20T02:45:29 IST" name="testGoogleSignIn" finished-at="2022-12-20T02:45:32 IST" duration-ms="3080" status="PASS">
          <reporter-output>
          </reporter-output>
        </test-method> <!-- testGoogleSignIn -->
        <test-method is-config="true" signature="BeforeSuite()[pri:0, instance:com.newbikes.test.GoogleSignInTest@4716be8b, instance params:[{Username=testmail@gmail.com, Browser=Firefox}]]" started-at="2022-12-20T02:45:29 IST" name="BeforeSuite" finished-at="2022-12-20T02:45:29 IST" duration-ms="0" status="PASS">
          <reporter-output>
          </reporter-output>
        </test-method> <!-- BeforeSuite -->
        <test-method is-config="true" signature="flush()[pri:0, instance:com.newbikes.test.GoogleSignInTest@4716be8b, instance params:[{Username=testmail@gmail.com, Browser=Firefox}]]" started-at="2022-12-20T02:45:32 IST" name="flush" finished-at="2022-12-20T02:45:32 IST" duration-ms="23" status="PASS">
          <reporter-output>
          </reporter-output>
        </test-method> <!-- flush -->
        <test-method signature="clickSignInButton()[pri:2, instance:com.newbikes.test.GoogleSignInTest@4716be8b, instance params:[{Username=testmail@gmail.com, Browser=Firefox}]]" started-at="2022-12-20T02:45:32 IST" name="clickSignInButton" finished-at="2022-12-20T02:45:34 IST" depends-on-methods="com.newbikes.test.GoogleSignInTest.testGoogleSignIn" duration-ms="1800" status="PASS">
          <reporter-output>
          </reporter-output>
        </test-method> <!-- clickSignInButton -->
        <test-method is-config="true" signature="BeforeSuite()[pri:0, instance:com.newbikes.test.GoogleSignInTest@4716be8b, instance params:[{Username=testmail@gmail.com, Browser=Firefox}]]" started-at="2022-12-20T02:45:32 IST" name="BeforeSuite" finished-at="2022-12-20T02:45:32 IST" duration-ms="0" status="PASS">
          <reporter-output>
          </reporter-output>
        </test-method> <!-- BeforeSuite -->
        <test-method is-config="true" signature="flush()[pri:0, instance:com.newbikes.test.GoogleSignInTest@4716be8b, instance params:[{Username=testmail@gmail.com, Browser=Firefox}]]" started-at="2022-12-20T02:45:34 IST" name="flush" finished-at="2022-12-20T02:45:34 IST" duration-ms="25" status="PASS">
          <reporter-output>
          </reporter-output>
        </test-method> <!-- flush -->
        <test-method signature="clickGoogleButton()[pri:3, instance:com.newbikes.test.GoogleSignInTest@4716be8b, instance params:[{Username=testmail@gmail.com, Browser=Firefox}]]" started-at="2022-12-20T02:45:34 IST" name="clickGoogleButton" finished-at="2022-12-20T02:45:36 IST" depends-on-methods="com.newbikes.test.GoogleSignInTest.clickSignInButton" duration-ms="1541" status="PASS">
          <reporter-output>
          </reporter-output>
        </test-method> <!-- clickGoogleButton -->
        <test-method is-config="true" signature="BeforeSuite()[pri:0, instance:com.newbikes.test.GoogleSignInTest@4716be8b, instance params:[{Username=testmail@gmail.com, Browser=Firefox}]]" started-at="2022-12-20T02:45:34 IST" name="BeforeSuite" finished-at="2022-12-20T02:45:34 IST" duration-ms="0" status="PASS">
          <reporter-output>
          </reporter-output>
        </test-method> <!-- BeforeSuite -->
        <test-method is-config="true" signature="flush()[pri:0, instance:com.newbikes.test.GoogleSignInTest@4716be8b, instance params:[{Username=testmail@gmail.com, Browser=Firefox}]]" started-at="2022-12-20T02:45:36 IST" name="flush" finished-at="2022-12-20T02:45:36 IST" duration-ms="12" status="PASS">
          <reporter-output>
          </reporter-output>
        </test-method> <!-- flush -->
        <test-method signature="enterUserName()[pri:4, instance:com.newbikes.test.GoogleSignInTest@4716be8b, instance params:[{Username=testmail@gmail.com, Browser=Firefox}]]" started-at="2022-12-20T02:45:36 IST" name="enterUserName" finished-at="2022-12-20T02:45:37 IST" depends-on-methods="com.newbikes.test.GoogleSignInTest.clickGoogleButton" duration-ms="1490" status="PASS">
          <reporter-output>
          </reporter-output>
        </test-method> <!-- enterUserName -->
        <test-method is-config="true" signature="BeforeSuite()[pri:0, instance:com.newbikes.test.GoogleSignInTest@4716be8b, instance params:[{Username=testmail@gmail.com, Browser=Firefox}]]" started-at="2022-12-20T02:45:36 IST" name="BeforeSuite" finished-at="2022-12-20T02:45:36 IST" duration-ms="0" status="PASS">
          <reporter-output>
          </reporter-output>
        </test-method> <!-- BeforeSuite -->
        <test-method is-config="true" signature="flush()[pri:0, instance:com.newbikes.test.GoogleSignInTest@4716be8b, instance params:[{Username=testmail@gmail.com, Browser=Firefox}]]" started-at="2022-12-20T02:45:37 IST" name="flush" finished-at="2022-12-20T02:45:37 IST" duration-ms="16" status="PASS">
          <reporter-output>
          </reporter-output>
        </test-method> <!-- flush -->
        <test-method signature="clickNextButton()[pri:5, instance:com.newbikes.test.GoogleSignInTest@4716be8b, instance params:[{Username=testmail@gmail.com, Browser=Firefox}]]" started-at="2022-12-20T02:45:37 IST" name="clickNextButton" finished-at="2022-12-20T02:45:38 IST" depends-on-methods="com.newbikes.test.GoogleSignInTest.enterUserName" duration-ms="1301" status="PASS">
          <reporter-output>
          </reporter-output>
        </test-method> <!-- clickNextButton -->
        <test-method is-config="true" signature="BeforeSuite()[pri:0, instance:com.newbikes.test.GoogleSignInTest@4716be8b, instance params:[{Username=testmail@gmail.com, Browser=Firefox}]]" started-at="2022-12-20T02:45:37 IST" name="BeforeSuite" finished-at="2022-12-20T02:45:37 IST" duration-ms="0" status="PASS">
          <reporter-output>
          </reporter-output>
        </test-method> <!-- BeforeSuite -->
        <test-method is-config="true" signature="flush()[pri:0, instance:com.newbikes.test.GoogleSignInTest@4716be8b, instance params:[{Username=testmail@gmail.com, Browser=Firefox}]]" started-at="2022-12-20T02:45:38 IST" name="flush" finished-at="2022-12-20T02:45:38 IST" duration-ms="14" status="PASS">
          <reporter-output>
          </reporter-output>
        </test-method> <!-- flush -->
        <test-method signature="getErrorMessage()[pri:6, instance:com.newbikes.test.GoogleSignInTest@4716be8b, instance params:[{Username=testmail@gmail.com, Browser=Firefox}]]" started-at="2022-12-20T02:45:38 IST" name="getErrorMessage" finished-at="2022-12-20T02:45:43 IST" depends-on-methods="com.newbikes.test.GoogleSignInTest.clickNextButton" duration-ms="4061" status="PASS">
          <reporter-output>
          </reporter-output>
        </test-method> <!-- getErrorMessage -->
        <test-method is-config="true" signature="BeforeSuite()[pri:0, instance:com.newbikes.test.GoogleSignInTest@4716be8b, instance params:[{Username=testmail@gmail.com, Browser=Firefox}]]" started-at="2022-12-20T02:45:38 IST" name="BeforeSuite" finished-at="2022-12-20T02:45:38 IST" duration-ms="0" status="PASS">
          <reporter-output>
          </reporter-output>
        </test-method> <!-- BeforeSuite -->
        <test-method is-config="true" signature="flush()[pri:0, instance:com.newbikes.test.GoogleSignInTest@4716be8b, instance params:[{Username=testmail@gmail.com, Browser=Firefox}]]" started-at="2022-12-20T02:45:43 IST" name="flush" finished-at="2022-12-20T02:45:43 IST" duration-ms="44" status="PASS">
          <reporter-output>
          </reporter-output>
        </test-method> <!-- flush -->
        <test-method is-config="true" signature="tearDown()[pri:0, instance:com.newbikes.test.GoogleSignInTest@4716be8b, instance params:[{Username=testmail@gmail.com, Browser=Firefox}]]" started-at="2022-12-20T02:45:43 IST" name="tearDown" finished-at="2022-12-20T02:45:43 IST" duration-ms="566" status="PASS">
          <reporter-output>
          </reporter-output>
        </test-method> <!-- tearDown -->
        <test-method signature="testGoogleSignIn()[pri:1, instance:com.newbikes.test.GoogleSignInTest@74589991, instance params:[{Username=testmail@gmail.com, Browser=Chrome}]]" started-at="2022-12-20T02:45:43 IST" name="testGoogleSignIn" finished-at="2022-12-20T02:45:45 IST" duration-ms="1937" status="PASS">
          <reporter-output>
          </reporter-output>
        </test-method> <!-- testGoogleSignIn -->
        <test-method is-config="true" signature="BeforeSuite()[pri:0, instance:com.newbikes.test.GoogleSignInTest@4716be8b, instance params:[{Username=testmail@gmail.com, Browser=Firefox}]]" started-at="2022-12-20T02:45:43 IST" name="BeforeSuite" finished-at="2022-12-20T02:45:43 IST" duration-ms="0" status="PASS">
          <reporter-output>
          </reporter-output>
        </test-method> <!-- BeforeSuite -->
        <test-method is-config="true" signature="flush()[pri:0, instance:com.newbikes.test.GoogleSignInTest@4716be8b, instance params:[{Username=testmail@gmail.com, Browser=Firefox}]]" started-at="2022-12-20T02:45:45 IST" name="flush" finished-at="2022-12-20T02:45:45 IST" duration-ms="18" status="PASS">
          <reporter-output>
          </reporter-output>
        </test-method> <!-- flush -->
        <test-method signature="clickSignInButton()[pri:2, instance:com.newbikes.test.GoogleSignInTest@74589991, instance params:[{Username=testmail@gmail.com, Browser=Chrome}]]" started-at="2022-12-20T02:45:45 IST" name="clickSignInButton" finished-at="2022-12-20T02:45:47 IST" depends-on-methods="com.newbikes.test.GoogleSignInTest.testGoogleSignIn" duration-ms="1607" status="PASS">
          <reporter-output>
          </reporter-output>
        </test-method> <!-- clickSignInButton -->
        <test-method is-config="true" signature="BeforeSuite()[pri:0, instance:com.newbikes.test.GoogleSignInTest@4716be8b, instance params:[{Username=testmail@gmail.com, Browser=Firefox}]]" started-at="2022-12-20T02:45:45 IST" name="BeforeSuite" finished-at="2022-12-20T02:45:45 IST" duration-ms="0" status="PASS">
          <reporter-output>
          </reporter-output>
        </test-method> <!-- BeforeSuite -->
        <test-method is-config="true" signature="flush()[pri:0, instance:com.newbikes.test.GoogleSignInTest@4716be8b, instance params:[{Username=testmail@gmail.com, Browser=Firefox}]]" started-at="2022-12-20T02:45:47 IST" name="flush" finished-at="2022-12-20T02:45:47 IST" duration-ms="20" status="PASS">
          <reporter-output>
          </reporter-output>
        </test-method> <!-- flush -->
        <test-method signature="clickGoogleButton()[pri:3, instance:com.newbikes.test.GoogleSignInTest@74589991, instance params:[{Username=testmail@gmail.com, Browser=Chrome}]]" started-at="2022-12-20T02:45:47 IST" name="clickGoogleButton" finished-at="2022-12-20T02:45:48 IST" depends-on-methods="com.newbikes.test.GoogleSignInTest.clickSignInButton" duration-ms="1697" status="PASS">
          <reporter-output>
          </reporter-output>
        </test-method> <!-- clickGoogleButton -->
        <test-method is-config="true" signature="BeforeSuite()[pri:0, instance:com.newbikes.test.GoogleSignInTest@4716be8b, instance params:[{Username=testmail@gmail.com, Browser=Firefox}]]" started-at="2022-12-20T02:45:47 IST" name="BeforeSuite" finished-at="2022-12-20T02:45:47 IST" duration-ms="0" status="PASS">
          <reporter-output>
          </reporter-output>
        </test-method> <!-- BeforeSuite -->
        <test-method is-config="true" signature="flush()[pri:0, instance:com.newbikes.test.GoogleSignInTest@4716be8b, instance params:[{Username=testmail@gmail.com, Browser=Firefox}]]" started-at="2022-12-20T02:45:48 IST" name="flush" finished-at="2022-12-20T02:45:48 IST" duration-ms="23" status="PASS">
          <reporter-output>
          </reporter-output>
        </test-method> <!-- flush -->
        <test-method signature="enterUserName()[pri:4, instance:com.newbikes.test.GoogleSignInTest@74589991, instance params:[{Username=testmail@gmail.com, Browser=Chrome}]]" started-at="2022-12-20T02:45:48 IST" name="enterUserName" finished-at="2022-12-20T02:45:51 IST" depends-on-methods="com.newbikes.test.GoogleSignInTest.clickGoogleButton" duration-ms="2081" status="PASS">
          <reporter-output>
          </reporter-output>
        </test-method> <!-- enterUserName -->
        <test-method is-config="true" signature="BeforeSuite()[pri:0, instance:com.newbikes.test.GoogleSignInTest@4716be8b, instance params:[{Username=testmail@gmail.com, Browser=Firefox}]]" started-at="2022-12-20T02:45:48 IST" name="BeforeSuite" finished-at="2022-12-20T02:45:48 IST" duration-ms="0" status="PASS">
          <reporter-output>
          </reporter-output>
        </test-method> <!-- BeforeSuite -->
        <test-method is-config="true" signature="flush()[pri:0, instance:com.newbikes.test.GoogleSignInTest@4716be8b, instance params:[{Username=testmail@gmail.com, Browser=Firefox}]]" started-at="2022-12-20T02:45:51 IST" name="flush" finished-at="2022-12-20T02:45:51 IST" duration-ms="18" status="PASS">
          <reporter-output>
          </reporter-output>
        </test-method> <!-- flush -->
        <test-method signature="clickNextButton()[pri:5, instance:com.newbikes.test.GoogleSignInTest@74589991, instance params:[{Username=testmail@gmail.com, Browser=Chrome}]]" started-at="2022-12-20T02:45:51 IST" name="clickNextButton" finished-at="2022-12-20T02:45:52 IST" depends-on-methods="com.newbikes.test.GoogleSignInTest.enterUserName" duration-ms="1323" status="PASS">
          <reporter-output>
          </reporter-output>
        </test-method> <!-- clickNextButton -->
        <test-method is-config="true" signature="BeforeSuite()[pri:0, instance:com.newbikes.test.GoogleSignInTest@4716be8b, instance params:[{Username=testmail@gmail.com, Browser=Firefox}]]" started-at="2022-12-20T02:45:51 IST" name="BeforeSuite" finished-at="2022-12-20T02:45:51 IST" duration-ms="0" status="PASS">
          <reporter-output>
          </reporter-output>
        </test-method> <!-- BeforeSuite -->
        <test-method is-config="true" signature="flush()[pri:0, instance:com.newbikes.test.GoogleSignInTest@4716be8b, instance params:[{Username=testmail@gmail.com, Browser=Firefox}]]" started-at="2022-12-20T02:45:52 IST" name="flush" finished-at="2022-12-20T02:45:52 IST" duration-ms="23" status="PASS">
          <reporter-output>
          </reporter-output>
        </test-method> <!-- flush -->
        <test-method signature="getErrorMessage()[pri:6, instance:com.newbikes.test.GoogleSignInTest@74589991, instance params:[{Username=testmail@gmail.com, Browser=Chrome}]]" started-at="2022-12-20T02:45:52 IST" name="getErrorMessage" finished-at="2022-12-20T02:45:56 IST" depends-on-methods="com.newbikes.test.GoogleSignInTest.clickNextButton" duration-ms="4095" status="PASS">
          <reporter-output>
          </reporter-output>
        </test-method> <!-- getErrorMessage -->
        <test-method is-config="true" signature="BeforeSuite()[pri:0, instance:com.newbikes.test.GoogleSignInTest@4716be8b, instance params:[{Username=testmail@gmail.com, Browser=Firefox}]]" started-at="2022-12-20T02:45:52 IST" name="BeforeSuite" finished-at="2022-12-20T02:45:52 IST" duration-ms="0" status="PASS">
          <reporter-output>
          </reporter-output>
        </test-method> <!-- BeforeSuite -->
        <test-method is-config="true" signature="flush()[pri:0, instance:com.newbikes.test.GoogleSignInTest@4716be8b, instance params:[{Username=testmail@gmail.com, Browser=Firefox}]]" started-at="2022-12-20T02:45:56 IST" name="flush" finished-at="2022-12-20T02:45:56 IST" duration-ms="37" status="PASS">
          <reporter-output>
          </reporter-output>
        </test-method> <!-- flush -->
        <test-method is-config="true" signature="tearDown()[pri:0, instance:com.newbikes.test.GoogleSignInTest@4716be8b, instance params:[{Username=testmail@gmail.com, Browser=Firefox}]]" started-at="2022-12-20T02:45:56 IST" name="tearDown" finished-at="2022-12-20T02:45:56 IST" duration-ms="113" status="PASS">
          <reporter-output>
          </reporter-output>
        </test-method> <!-- tearDown -->
      </class> <!-- com.newbikes.test.GoogleSignInTest -->
    </test> <!-- GoogleSignInTest -->
    <test started-at="2022-12-20T02:45:56 IST" name="UpcomingBikesTest" finished-at="2022-12-20T02:46:43 IST" duration-ms="46479">
      <class name="com.newbikes.test.UpcomingBikesTest">
        <test-method signature="testUpcomingBike()[pri:1, instance:com.newbikes.test.UpcomingBikesTest@19835e64, instance params:[{Manufacturer=Honda, Browser=Chrome}]]" started-at="2022-12-20T02:45:56 IST" name="testUpcomingBike" finished-at="2022-12-20T02:45:58 IST" duration-ms="1693" status="PASS">
          <reporter-output>
          </reporter-output>
        </test-method> <!-- testUpcomingBike -->
        <test-method is-config="true" signature="BeforeSuite()[pri:0, instance:com.newbikes.test.UpcomingBikesTest@bcef303, instance params:[{Manufacturer=Honda, Browser=Firefox}]]" started-at="2022-12-20T02:45:56 IST" name="BeforeSuite" finished-at="2022-12-20T02:45:56 IST" duration-ms="0" status="PASS">
          <reporter-output>
          </reporter-output>
        </test-method> <!-- BeforeSuite -->
        <test-method is-config="true" signature="flush()[pri:0, instance:com.newbikes.test.UpcomingBikesTest@bcef303, instance params:[{Manufacturer=Honda, Browser=Firefox}]]" started-at="2022-12-20T02:45:58 IST" name="flush" finished-at="2022-12-20T02:45:58 IST" duration-ms="19" status="PASS">
          <reporter-output>
          </reporter-output>
        </test-method> <!-- flush -->
        <test-method signature="hoverOnNewBikesMenu()[pri:2, instance:com.newbikes.test.UpcomingBikesTest@19835e64, instance params:[{Manufacturer=Honda, Browser=Chrome}]]" started-at="2022-12-20T02:45:58 IST" name="hoverOnNewBikesMenu" finished-at="2022-12-20T02:46:00 IST" depends-on-methods="com.newbikes.test.UpcomingBikesTest.testUpcomingBike" duration-ms="1743" status="PASS">
          <reporter-output>
          </reporter-output>
        </test-method> <!-- hoverOnNewBikesMenu -->
        <test-method is-config="true" signature="BeforeSuite()[pri:0, instance:com.newbikes.test.UpcomingBikesTest@bcef303, instance params:[{Manufacturer=Honda, Browser=Firefox}]]" started-at="2022-12-20T02:45:58 IST" name="BeforeSuite" finished-at="2022-12-20T02:45:58 IST" duration-ms="0" status="PASS">
          <reporter-output>
          </reporter-output>
        </test-method> <!-- BeforeSuite -->
        <test-method is-config="true" signature="flush()[pri:0, instance:com.newbikes.test.UpcomingBikesTest@bcef303, instance params:[{Manufacturer=Honda, Browser=Firefox}]]" started-at="2022-12-20T02:46:00 IST" name="flush" finished-at="2022-12-20T02:46:00 IST" duration-ms="18" status="PASS">
          <reporter-output>
          </reporter-output>
        </test-method> <!-- flush -->
        <test-method signature="clickUpcomingBikes()[pri:3, instance:com.newbikes.test.UpcomingBikesTest@19835e64, instance params:[{Manufacturer=Honda, Browser=Chrome}]]" started-at="2022-12-20T02:46:00 IST" name="clickUpcomingBikes" finished-at="2022-12-20T02:46:02 IST" depends-on-methods="com.newbikes.test.UpcomingBikesTest.hoverOnNewBikesMenu" duration-ms="2701" status="PASS">
          <reporter-output>
          </reporter-output>
        </test-method> <!-- clickUpcomingBikes -->
        <test-method is-config="true" signature="BeforeSuite()[pri:0, instance:com.newbikes.test.UpcomingBikesTest@bcef303, instance params:[{Manufacturer=Honda, Browser=Firefox}]]" started-at="2022-12-20T02:46:00 IST" name="BeforeSuite" finished-at="2022-12-20T02:46:00 IST" duration-ms="0" status="PASS">
          <reporter-output>
          </reporter-output>
        </test-method> <!-- BeforeSuite -->
        <test-method is-config="true" signature="flush()[pri:0, instance:com.newbikes.test.UpcomingBikesTest@bcef303, instance params:[{Manufacturer=Honda, Browser=Firefox}]]" started-at="2022-12-20T02:46:02 IST" name="flush" finished-at="2022-12-20T02:46:02 IST" duration-ms="28" status="PASS">
          <reporter-output>
          </reporter-output>
        </test-method> <!-- flush -->
        <test-method signature="selectManufacturer()[pri:4, instance:com.newbikes.test.UpcomingBikesTest@19835e64, instance params:[{Manufacturer=Honda, Browser=Chrome}]]" started-at="2022-12-20T02:46:02 IST" name="selectManufacturer" finished-at="2022-12-20T02:46:04 IST" depends-on-methods="com.newbikes.test.UpcomingBikesTest.clickUpcomingBikes" duration-ms="1545" status="PASS">
          <reporter-output>
          </reporter-output>
        </test-method> <!-- selectManufacturer -->
        <test-method is-config="true" signature="BeforeSuite()[pri:0, instance:com.newbikes.test.UpcomingBikesTest@bcef303, instance params:[{Manufacturer=Honda, Browser=Firefox}]]" started-at="2022-12-20T02:46:02 IST" name="BeforeSuite" finished-at="2022-12-20T02:46:02 IST" duration-ms="0" status="PASS">
          <reporter-output>
          </reporter-output>
        </test-method> <!-- BeforeSuite -->
        <test-method is-config="true" signature="flush()[pri:0, instance:com.newbikes.test.UpcomingBikesTest@bcef303, instance params:[{Manufacturer=Honda, Browser=Firefox}]]" started-at="2022-12-20T02:46:04 IST" name="flush" finished-at="2022-12-20T02:46:04 IST" duration-ms="41" status="PASS">
          <reporter-output>
          </reporter-output>
        </test-method> <!-- flush -->
        <test-method signature="clickViewMoreButton()[pri:5, instance:com.newbikes.test.UpcomingBikesTest@19835e64, instance params:[{Manufacturer=Honda, Browser=Chrome}]]" started-at="2022-12-20T02:46:04 IST" name="clickViewMoreButton" finished-at="2022-12-20T02:46:10 IST" depends-on-methods="com.newbikes.test.UpcomingBikesTest.selectManufacturer" duration-ms="6552" status="PASS">
          <reporter-output>
          </reporter-output>
        </test-method> <!-- clickViewMoreButton -->
        <test-method is-config="true" signature="BeforeSuite()[pri:0, instance:com.newbikes.test.UpcomingBikesTest@bcef303, instance params:[{Manufacturer=Honda, Browser=Firefox}]]" started-at="2022-12-20T02:46:04 IST" name="BeforeSuite" finished-at="2022-12-20T02:46:04 IST" duration-ms="0" status="PASS">
          <reporter-output>
          </reporter-output>
        </test-method> <!-- BeforeSuite -->
        <test-method is-config="true" signature="flush()[pri:0, instance:com.newbikes.test.UpcomingBikesTest@bcef303, instance params:[{Manufacturer=Honda, Browser=Firefox}]]" started-at="2022-12-20T02:46:10 IST" name="flush" finished-at="2022-12-20T02:46:11 IST" duration-ms="77" status="PASS">
          <reporter-output>
          </reporter-output>
        </test-method> <!-- flush -->
        <test-method signature="printNewBikeModels()[pri:6, instance:com.newbikes.test.UpcomingBikesTest@19835e64, instance params:[{Manufacturer=Honda, Browser=Chrome}]]" started-at="2022-12-20T02:46:11 IST" name="printNewBikeModels" finished-at="2022-12-20T02:46:11 IST" depends-on-methods="com.newbikes.test.UpcomingBikesTest.clickViewMoreButton" duration-ms="795" status="PASS">
          <reporter-output>
          </reporter-output>
        </test-method> <!-- printNewBikeModels -->
        <test-method is-config="true" signature="BeforeSuite()[pri:0, instance:com.newbikes.test.UpcomingBikesTest@bcef303, instance params:[{Manufacturer=Honda, Browser=Firefox}]]" started-at="2022-12-20T02:46:11 IST" name="BeforeSuite" finished-at="2022-12-20T02:46:11 IST" duration-ms="0" status="PASS">
          <reporter-output>
          </reporter-output>
        </test-method> <!-- BeforeSuite -->
        <test-method is-config="true" signature="flush()[pri:0, instance:com.newbikes.test.UpcomingBikesTest@bcef303, instance params:[{Manufacturer=Honda, Browser=Firefox}]]" started-at="2022-12-20T02:46:11 IST" name="flush" finished-at="2022-12-20T02:46:11 IST" duration-ms="49" status="PASS">
          <reporter-output>
          </reporter-output>
        </test-method> <!-- flush -->
        <test-method is-config="true" signature="tearDown()[pri:0, instance:com.newbikes.test.UpcomingBikesTest@bcef303, instance params:[{Manufacturer=Honda, Browser=Firefox}]]" started-at="2022-12-20T02:46:11 IST" name="tearDown" finished-at="2022-12-20T02:46:12 IST" duration-ms="125" status="PASS">
          <reporter-output>
          </reporter-output>
        </test-method> <!-- tearDown -->
        <test-method is-config="true" signature="BeforeSuite()[pri:0, instance:com.newbikes.test.UpcomingBikesTest@bcef303, instance params:[{Manufacturer=Honda, Browser=Firefox}]]" started-at="2022-12-20T02:46:12 IST" name="BeforeSuite" finished-at="2022-12-20T02:46:12 IST" duration-ms="1" status="PASS">
          <reporter-output>
          </reporter-output>
        </test-method> <!-- BeforeSuite -->
        <test-method signature="testUpcomingBike()[pri:1, instance:com.newbikes.test.UpcomingBikesTest@68b32e3e, instance params:[{Manufacturer=Honda, Browser=Edge}]]" started-at="2022-12-20T02:46:12 IST" name="testUpcomingBike" finished-at="2022-12-20T02:46:15 IST" duration-ms="3628" status="PASS">
          <reporter-output>
          </reporter-output>
        </test-method> <!-- testUpcomingBike -->
        <test-method is-config="true" signature="flush()[pri:0, instance:com.newbikes.test.UpcomingBikesTest@bcef303, instance params:[{Manufacturer=Honda, Browser=Firefox}]]" started-at="2022-12-20T02:46:15 IST" name="flush" finished-at="2022-12-20T02:46:15 IST" duration-ms="25" status="PASS">
          <reporter-output>
          </reporter-output>
        </test-method> <!-- flush -->
        <test-method signature="hoverOnNewBikesMenu()[pri:2, instance:com.newbikes.test.UpcomingBikesTest@68b32e3e, instance params:[{Manufacturer=Honda, Browser=Edge}]]" started-at="2022-12-20T02:46:15 IST" name="hoverOnNewBikesMenu" finished-at="2022-12-20T02:46:17 IST" depends-on-methods="com.newbikes.test.UpcomingBikesTest.testUpcomingBike" duration-ms="1618" status="PASS">
          <reporter-output>
          </reporter-output>
        </test-method> <!-- hoverOnNewBikesMenu -->
        <test-method is-config="true" signature="BeforeSuite()[pri:0, instance:com.newbikes.test.UpcomingBikesTest@bcef303, instance params:[{Manufacturer=Honda, Browser=Firefox}]]" started-at="2022-12-20T02:46:15 IST" name="BeforeSuite" finished-at="2022-12-20T02:46:15 IST" duration-ms="0" status="PASS">
          <reporter-output>
          </reporter-output>
        </test-method> <!-- BeforeSuite -->
        <test-method is-config="true" signature="flush()[pri:0, instance:com.newbikes.test.UpcomingBikesTest@bcef303, instance params:[{Manufacturer=Honda, Browser=Firefox}]]" started-at="2022-12-20T02:46:17 IST" name="flush" finished-at="2022-12-20T02:46:17 IST" duration-ms="24" status="PASS">
          <reporter-output>
          </reporter-output>
        </test-method> <!-- flush -->
        <test-method is-config="true" signature="BeforeSuite()[pri:0, instance:com.newbikes.test.UpcomingBikesTest@bcef303, instance params:[{Manufacturer=Honda, Browser=Firefox}]]" started-at="2022-12-20T02:46:17 IST" name="BeforeSuite" finished-at="2022-12-20T02:46:17 IST" duration-ms="0" status="PASS">
          <reporter-output>
          </reporter-output>
        </test-method> <!-- BeforeSuite -->
        <test-method signature="clickUpcomingBikes()[pri:3, instance:com.newbikes.test.UpcomingBikesTest@68b32e3e, instance params:[{Manufacturer=Honda, Browser=Edge}]]" started-at="2022-12-20T02:46:17 IST" name="clickUpcomingBikes" finished-at="2022-12-20T02:46:19 IST" depends-on-methods="com.newbikes.test.UpcomingBikesTest.hoverOnNewBikesMenu" duration-ms="1711" status="PASS">
          <reporter-output>
          </reporter-output>
        </test-method> <!-- clickUpcomingBikes -->
        <test-method is-config="true" signature="flush()[pri:0, instance:com.newbikes.test.UpcomingBikesTest@bcef303, instance params:[{Manufacturer=Honda, Browser=Firefox}]]" started-at="2022-12-20T02:46:19 IST" name="flush" finished-at="2022-12-20T02:46:19 IST" duration-ms="22" status="PASS">
          <reporter-output>
          </reporter-output>
        </test-method> <!-- flush -->
        <test-method signature="selectManufacturer()[pri:4, instance:com.newbikes.test.UpcomingBikesTest@68b32e3e, instance params:[{Manufacturer=Honda, Browser=Edge}]]" started-at="2022-12-20T02:46:19 IST" name="selectManufacturer" finished-at="2022-12-20T02:46:20 IST" depends-on-methods="com.newbikes.test.UpcomingBikesTest.clickUpcomingBikes" duration-ms="1652" status="PASS">
          <reporter-output>
          </reporter-output>
        </test-method> <!-- selectManufacturer -->
        <test-method is-config="true" signature="BeforeSuite()[pri:0, instance:com.newbikes.test.UpcomingBikesTest@bcef303, instance params:[{Manufacturer=Honda, Browser=Firefox}]]" started-at="2022-12-20T02:46:19 IST" name="BeforeSuite" finished-at="2022-12-20T02:46:19 IST" duration-ms="0" status="PASS">
          <reporter-output>
          </reporter-output>
        </test-method> <!-- BeforeSuite -->
        <test-method is-config="true" signature="flush()[pri:0, instance:com.newbikes.test.UpcomingBikesTest@bcef303, instance params:[{Manufacturer=Honda, Browser=Firefox}]]" started-at="2022-12-20T02:46:20 IST" name="flush" finished-at="2022-12-20T02:46:20 IST" duration-ms="24" status="PASS">
          <reporter-output>
          </reporter-output>
        </test-method> <!-- flush -->
        <test-method signature="clickViewMoreButton()[pri:5, instance:com.newbikes.test.UpcomingBikesTest@68b32e3e, instance params:[{Manufacturer=Honda, Browser=Edge}]]" started-at="2022-12-20T02:46:20 IST" name="clickViewMoreButton" finished-at="2022-12-20T02:46:27 IST" depends-on-methods="com.newbikes.test.UpcomingBikesTest.selectManufacturer" duration-ms="6588" status="PASS">
          <reporter-output>
          </reporter-output>
        </test-method> <!-- clickViewMoreButton -->
        <test-method is-config="true" signature="BeforeSuite()[pri:0, instance:com.newbikes.test.UpcomingBikesTest@bcef303, instance params:[{Manufacturer=Honda, Browser=Firefox}]]" started-at="2022-12-20T02:46:20 IST" name="BeforeSuite" finished-at="2022-12-20T02:46:20 IST" duration-ms="0" status="PASS">
          <reporter-output>
          </reporter-output>
        </test-method> <!-- BeforeSuite -->
        <test-method is-config="true" signature="flush()[pri:0, instance:com.newbikes.test.UpcomingBikesTest@bcef303, instance params:[{Manufacturer=Honda, Browser=Firefox}]]" started-at="2022-12-20T02:46:27 IST" name="flush" finished-at="2022-12-20T02:46:27 IST" duration-ms="29" status="PASS">
          <reporter-output>
          </reporter-output>
        </test-method> <!-- flush -->
        <test-method signature="printNewBikeModels()[pri:6, instance:com.newbikes.test.UpcomingBikesTest@68b32e3e, instance params:[{Manufacturer=Honda, Browser=Edge}]]" started-at="2022-12-20T02:46:27 IST" name="printNewBikeModels" finished-at="2022-12-20T02:46:27 IST" depends-on-methods="com.newbikes.test.UpcomingBikesTest.clickViewMoreButton" duration-ms="527" status="PASS">
          <reporter-output>
          </reporter-output>
        </test-method> <!-- printNewBikeModels -->
        <test-method is-config="true" signature="BeforeSuite()[pri:0, instance:com.newbikes.test.UpcomingBikesTest@bcef303, instance params:[{Manufacturer=Honda, Browser=Firefox}]]" started-at="2022-12-20T02:46:27 IST" name="BeforeSuite" finished-at="2022-12-20T02:46:27 IST" duration-ms="0" status="PASS">
          <reporter-output>
          </reporter-output>
        </test-method> <!-- BeforeSuite -->
        <test-method is-config="true" signature="flush()[pri:0, instance:com.newbikes.test.UpcomingBikesTest@bcef303, instance params:[{Manufacturer=Honda, Browser=Firefox}]]" started-at="2022-12-20T02:46:27 IST" name="flush" finished-at="2022-12-20T02:46:27 IST" duration-ms="23" status="PASS">
          <reporter-output>
          </reporter-output>
        </test-method> <!-- flush -->
        <test-method is-config="true" signature="tearDown()[pri:0, instance:com.newbikes.test.UpcomingBikesTest@bcef303, instance params:[{Manufacturer=Honda, Browser=Firefox}]]" started-at="2022-12-20T02:46:27 IST" name="tearDown" finished-at="2022-12-20T02:46:28 IST" duration-ms="166" status="PASS">
          <reporter-output>
          </reporter-output>
        </test-method> <!-- tearDown -->
        <test-method signature="testUpcomingBike()[pri:1, instance:com.newbikes.test.UpcomingBikesTest@bcef303, instance params:[{Manufacturer=Honda, Browser=Firefox}]]" started-at="2022-12-20T02:46:28 IST" name="testUpcomingBike" finished-at="2022-12-20T02:46:30 IST" duration-ms="2723" status="PASS">
          <reporter-output>
          </reporter-output>
        </test-method> <!-- testUpcomingBike -->
        <test-method is-config="true" signature="BeforeSuite()[pri:0, instance:com.newbikes.test.UpcomingBikesTest@bcef303, instance params:[{Manufacturer=Honda, Browser=Firefox}]]" started-at="2022-12-20T02:46:28 IST" name="BeforeSuite" finished-at="2022-12-20T02:46:28 IST" duration-ms="0" status="PASS">
          <reporter-output>
          </reporter-output>
        </test-method> <!-- BeforeSuite -->
        <test-method is-config="true" signature="flush()[pri:0, instance:com.newbikes.test.UpcomingBikesTest@bcef303, instance params:[{Manufacturer=Honda, Browser=Firefox}]]" started-at="2022-12-20T02:46:30 IST" name="flush" finished-at="2022-12-20T02:46:30 IST" duration-ms="32" status="PASS">
          <reporter-output>
          </reporter-output>
        </test-method> <!-- flush -->
        <test-method signature="hoverOnNewBikesMenu()[pri:2, instance:com.newbikes.test.UpcomingBikesTest@bcef303, instance params:[{Manufacturer=Honda, Browser=Firefox}]]" started-at="2022-12-20T02:46:30 IST" name="hoverOnNewBikesMenu" finished-at="2022-12-20T02:46:32 IST" depends-on-methods="com.newbikes.test.UpcomingBikesTest.testUpcomingBike" duration-ms="1770" status="PASS">
          <reporter-output>
          </reporter-output>
        </test-method> <!-- hoverOnNewBikesMenu -->
        <test-method is-config="true" signature="BeforeSuite()[pri:0, instance:com.newbikes.test.UpcomingBikesTest@bcef303, instance params:[{Manufacturer=Honda, Browser=Firefox}]]" started-at="2022-12-20T02:46:30 IST" name="BeforeSuite" finished-at="2022-12-20T02:46:30 IST" duration-ms="0" status="PASS">
          <reporter-output>
          </reporter-output>
        </test-method> <!-- BeforeSuite -->
        <test-method is-config="true" signature="flush()[pri:0, instance:com.newbikes.test.UpcomingBikesTest@bcef303, instance params:[{Manufacturer=Honda, Browser=Firefox}]]" started-at="2022-12-20T02:46:32 IST" name="flush" finished-at="2022-12-20T02:46:32 IST" duration-ms="37" status="PASS">
          <reporter-output>
          </reporter-output>
        </test-method> <!-- flush -->
        <test-method signature="clickUpcomingBikes()[pri:3, instance:com.newbikes.test.UpcomingBikesTest@bcef303, instance params:[{Manufacturer=Honda, Browser=Firefox}]]" started-at="2022-12-20T02:46:32 IST" name="clickUpcomingBikes" finished-at="2022-12-20T02:46:34 IST" depends-on-methods="com.newbikes.test.UpcomingBikesTest.hoverOnNewBikesMenu" duration-ms="1475" status="PASS">
          <reporter-output>
          </reporter-output>
        </test-method> <!-- clickUpcomingBikes -->
        <test-method is-config="true" signature="BeforeSuite()[pri:0, instance:com.newbikes.test.UpcomingBikesTest@bcef303, instance params:[{Manufacturer=Honda, Browser=Firefox}]]" started-at="2022-12-20T02:46:32 IST" name="BeforeSuite" finished-at="2022-12-20T02:46:32 IST" duration-ms="0" status="PASS">
          <reporter-output>
          </reporter-output>
        </test-method> <!-- BeforeSuite -->
        <test-method is-config="true" signature="flush()[pri:0, instance:com.newbikes.test.UpcomingBikesTest@bcef303, instance params:[{Manufacturer=Honda, Browser=Firefox}]]" started-at="2022-12-20T02:46:34 IST" name="flush" finished-at="2022-12-20T02:46:34 IST" duration-ms="24" status="PASS">
          <reporter-output>
          </reporter-output>
        </test-method> <!-- flush -->
        <test-method signature="selectManufacturer()[pri:4, instance:com.newbikes.test.UpcomingBikesTest@bcef303, instance params:[{Manufacturer=Honda, Browser=Firefox}]]" started-at="2022-12-20T02:46:34 IST" name="selectManufacturer" finished-at="2022-12-20T02:46:35 IST" depends-on-methods="com.newbikes.test.UpcomingBikesTest.clickUpcomingBikes" duration-ms="1497" status="PASS">
          <reporter-output>
          </reporter-output>
        </test-method> <!-- selectManufacturer -->
        <test-method is-config="true" signature="BeforeSuite()[pri:0, instance:com.newbikes.test.UpcomingBikesTest@bcef303, instance params:[{Manufacturer=Honda, Browser=Firefox}]]" started-at="2022-12-20T02:46:34 IST" name="BeforeSuite" finished-at="2022-12-20T02:46:34 IST" duration-ms="0" status="PASS">
          <reporter-output>
          </reporter-output>
        </test-method> <!-- BeforeSuite -->
        <test-method is-config="true" signature="flush()[pri:0, instance:com.newbikes.test.UpcomingBikesTest@bcef303, instance params:[{Manufacturer=Honda, Browser=Firefox}]]" started-at="2022-12-20T02:46:35 IST" name="flush" finished-at="2022-12-20T02:46:35 IST" duration-ms="23" status="PASS">
          <reporter-output>
          </reporter-output>
        </test-method> <!-- flush -->
        <test-method signature="clickViewMoreButton()[pri:5, instance:com.newbikes.test.UpcomingBikesTest@bcef303, instance params:[{Manufacturer=Honda, Browser=Firefox}]]" started-at="2022-12-20T02:46:35 IST" name="clickViewMoreButton" finished-at="2022-12-20T02:46:42 IST" depends-on-methods="com.newbikes.test.UpcomingBikesTest.selectManufacturer" duration-ms="6452" status="PASS">
          <reporter-output>
          </reporter-output>
        </test-method> <!-- clickViewMoreButton -->
        <test-method is-config="true" signature="BeforeSuite()[pri:0, instance:com.newbikes.test.UpcomingBikesTest@bcef303, instance params:[{Manufacturer=Honda, Browser=Firefox}]]" started-at="2022-12-20T02:46:35 IST" name="BeforeSuite" finished-at="2022-12-20T02:46:35 IST" duration-ms="0" status="PASS">
          <reporter-output>
          </reporter-output>
        </test-method> <!-- BeforeSuite -->
        <test-method is-config="true" signature="flush()[pri:0, instance:com.newbikes.test.UpcomingBikesTest@bcef303, instance params:[{Manufacturer=Honda, Browser=Firefox}]]" started-at="2022-12-20T02:46:42 IST" name="flush" finished-at="2022-12-20T02:46:42 IST" duration-ms="53" status="PASS">
          <reporter-output>
          </reporter-output>
        </test-method> <!-- flush -->
        <test-method signature="printNewBikeModels()[pri:6, instance:com.newbikes.test.UpcomingBikesTest@bcef303, instance params:[{Manufacturer=Honda, Browser=Firefox}]]" started-at="2022-12-20T02:46:42 IST" name="printNewBikeModels" finished-at="2022-12-20T02:46:42 IST" depends-on-methods="com.newbikes.test.UpcomingBikesTest.clickViewMoreButton" duration-ms="271" status="PASS">
          <reporter-output>
          </reporter-output>
        </test-method> <!-- printNewBikeModels -->
        <test-method is-config="true" signature="BeforeSuite()[pri:0, instance:com.newbikes.test.UpcomingBikesTest@bcef303, instance params:[{Manufacturer=Honda, Browser=Firefox}]]" started-at="2022-12-20T02:46:42 IST" name="BeforeSuite" finished-at="2022-12-20T02:46:42 IST" duration-ms="0" status="PASS">
          <reporter-output>
          </reporter-output>
        </test-method> <!-- BeforeSuite -->
        <test-method is-config="true" signature="flush()[pri:0, instance:com.newbikes.test.UpcomingBikesTest@bcef303, instance params:[{Manufacturer=Honda, Browser=Firefox}]]" started-at="2022-12-20T02:46:42 IST" name="flush" finished-at="2022-12-20T02:46:42 IST" duration-ms="49" status="PASS">
          <reporter-output>
          </reporter-output>
        </test-method> <!-- flush -->
        <test-method is-config="true" signature="tearDown()[pri:0, instance:com.newbikes.test.UpcomingBikesTest@bcef303, instance params:[{Manufacturer=Honda, Browser=Firefox}]]" started-at="2022-12-20T02:46:42 IST" name="tearDown" finished-at="2022-12-20T02:46:43 IST" duration-ms="627" status="PASS">
          <reporter-output>
          </reporter-output>
        </test-method> <!-- tearDown -->
      </class> <!-- com.newbikes.test.UpcomingBikesTest -->
    </test> <!-- UpcomingBikesTest -->
    <test started-at="2022-12-20T02:46:43 IST" name="UsedCarsTest" finished-at="2022-12-20T02:49:48 IST" duration-ms="185648">
      <class name="com.newbikes.test.UsedCarsTest">
        <test-method is-config="true" signature="BeforeSuite()[pri:0, instance:com.newbikes.test.UsedCarsTest@6c0d9d86, instance params:[{Browser=Firefox}]]" started-at="2022-12-20T02:46:43 IST" name="BeforeSuite" finished-at="2022-12-20T02:46:43 IST" duration-ms="1" status="PASS">
          <reporter-output>
          </reporter-output>
        </test-method> <!-- BeforeSuite -->
        <test-method signature="testUsedCars()[pri:1, instance:com.newbikes.test.UsedCarsTest@535779e4, instance params:[{Browser=Chrome}]]" started-at="2022-12-20T02:46:43 IST" name="testUsedCars" finished-at="2022-12-20T02:46:44 IST" duration-ms="1718" status="PASS">
          <reporter-output>
          </reporter-output>
        </test-method> <!-- testUsedCars -->
        <test-method is-config="true" signature="flush()[pri:0, instance:com.newbikes.test.UsedCarsTest@6c0d9d86, instance params:[{Browser=Firefox}]]" started-at="2022-12-20T02:46:44 IST" name="flush" finished-at="2022-12-20T02:46:44 IST" duration-ms="46" status="PASS">
          <reporter-output>
          </reporter-output>
        </test-method> <!-- flush -->
        <test-method signature="hoverOnUsedCars()[pri:2, instance:com.newbikes.test.UsedCarsTest@535779e4, instance params:[{Browser=Chrome}]]" started-at="2022-12-20T02:46:44 IST" name="hoverOnUsedCars" finished-at="2022-12-20T02:46:46 IST" depends-on-methods="com.newbikes.test.UsedCarsTest.testUsedCars" duration-ms="1760" status="PASS">
          <reporter-output>
          </reporter-output>
        </test-method> <!-- hoverOnUsedCars -->
        <test-method is-config="true" signature="BeforeSuite()[pri:0, instance:com.newbikes.test.UsedCarsTest@6c0d9d86, instance params:[{Browser=Firefox}]]" started-at="2022-12-20T02:46:44 IST" name="BeforeSuite" finished-at="2022-12-20T02:46:44 IST" duration-ms="0" status="PASS">
          <reporter-output>
          </reporter-output>
        </test-method> <!-- BeforeSuite -->
        <test-method is-config="true" signature="flush()[pri:0, instance:com.newbikes.test.UsedCarsTest@6c0d9d86, instance params:[{Browser=Firefox}]]" started-at="2022-12-20T02:46:46 IST" name="flush" finished-at="2022-12-20T02:46:46 IST" duration-ms="31" status="PASS">
          <reporter-output>
          </reporter-output>
        </test-method> <!-- flush -->
        <test-method signature="clickChennai()[pri:3, instance:com.newbikes.test.UsedCarsTest@535779e4, instance params:[{Browser=Chrome}]]" started-at="2022-12-20T02:46:46 IST" name="clickChennai" finished-at="2022-12-20T02:46:49 IST" depends-on-methods="com.newbikes.test.UsedCarsTest.hoverOnUsedCars" duration-ms="2402" status="PASS">
          <reporter-output>
          </reporter-output>
        </test-method> <!-- clickChennai -->
        <test-method is-config="true" signature="BeforeSuite()[pri:0, instance:com.newbikes.test.UsedCarsTest@6c0d9d86, instance params:[{Browser=Firefox}]]" started-at="2022-12-20T02:46:46 IST" name="BeforeSuite" finished-at="2022-12-20T02:46:46 IST" duration-ms="0" status="PASS">
          <reporter-output>
          </reporter-output>
        </test-method> <!-- BeforeSuite -->
        <test-method is-config="true" signature="flush()[pri:0, instance:com.newbikes.test.UsedCarsTest@6c0d9d86, instance params:[{Browser=Firefox}]]" started-at="2022-12-20T02:46:49 IST" name="flush" finished-at="2022-12-20T02:46:49 IST" duration-ms="36" status="PASS">
          <reporter-output>
          </reporter-output>
        </test-method> <!-- flush -->
        <test-method signature="clickAllPopularCars()[pri:4, instance:com.newbikes.test.UsedCarsTest@535779e4, instance params:[{Browser=Chrome}]]" started-at="2022-12-20T02:46:49 IST" name="clickAllPopularCars" finished-at="2022-12-20T02:47:26 IST" depends-on-methods="com.newbikes.test.UsedCarsTest.clickChennai" duration-ms="37841" status="PASS">
          <reporter-output>
          </reporter-output>
        </test-method> <!-- clickAllPopularCars -->
        <test-method is-config="true" signature="BeforeSuite()[pri:0, instance:com.newbikes.test.UsedCarsTest@6c0d9d86, instance params:[{Browser=Firefox}]]" started-at="2022-12-20T02:46:49 IST" name="BeforeSuite" finished-at="2022-12-20T02:46:49 IST" duration-ms="0" status="PASS">
          <reporter-output>
          </reporter-output>
        </test-method> <!-- BeforeSuite -->
        <test-method is-config="true" signature="flush()[pri:0, instance:com.newbikes.test.UsedCarsTest@6c0d9d86, instance params:[{Browser=Firefox}]]" started-at="2022-12-20T02:47:26 IST" name="flush" finished-at="2022-12-20T02:47:27 IST" duration-ms="61" status="PASS">
          <reporter-output>
          </reporter-output>
        </test-method> <!-- flush -->
        <test-method is-config="true" signature="BeforeSuite()[pri:0, instance:com.newbikes.test.UsedCarsTest@6c0d9d86, instance params:[{Browser=Firefox}]]" started-at="2022-12-20T02:47:27 IST" name="BeforeSuite" finished-at="2022-12-20T02:47:27 IST" duration-ms="1" status="PASS">
          <reporter-output>
          </reporter-output>
        </test-method> <!-- BeforeSuite -->
        <test-method signature="updateCarModelsInExcel()[pri:5, instance:com.newbikes.test.UsedCarsTest@535779e4, instance params:[{Browser=Chrome}]]" started-at="2022-12-20T02:47:27 IST" name="updateCarModelsInExcel" finished-at="2022-12-20T02:47:50 IST" depends-on-methods="com.newbikes.test.UsedCarsTest.clickAllPopularCars" duration-ms="23827" status="PASS">
          <reporter-output>
          </reporter-output>
        </test-method> <!-- updateCarModelsInExcel -->
        <test-method is-config="true" signature="flush()[pri:0, instance:com.newbikes.test.UsedCarsTest@6c0d9d86, instance params:[{Browser=Firefox}]]" started-at="2022-12-20T02:47:50 IST" name="flush" finished-at="2022-12-20T02:47:50 IST" duration-ms="70" status="PASS">
          <reporter-output>
          </reporter-output>
        </test-method> <!-- flush -->
        <test-method is-config="true" signature="tearDown()[pri:0, instance:com.newbikes.test.UsedCarsTest@6c0d9d86, instance params:[{Browser=Firefox}]]" started-at="2022-12-20T02:47:50 IST" name="tearDown" finished-at="2022-12-20T02:47:51 IST" duration-ms="123" status="PASS">
          <reporter-output>
          </reporter-output>
        </test-method> <!-- tearDown -->
        <test-method signature="testUsedCars()[pri:1, instance:com.newbikes.test.UsedCarsTest@53fd0d10, instance params:[{Browser=Edge}]]" started-at="2022-12-20T02:47:51 IST" name="testUsedCars" finished-at="2022-12-20T02:47:55 IST" duration-ms="4351" status="PASS">
          <reporter-output>
          </reporter-output>
        </test-method> <!-- testUsedCars -->
        <test-method is-config="true" signature="BeforeSuite()[pri:0, instance:com.newbikes.test.UsedCarsTest@6c0d9d86, instance params:[{Browser=Firefox}]]" started-at="2022-12-20T02:47:51 IST" name="BeforeSuite" finished-at="2022-12-20T02:47:51 IST" duration-ms="0" status="PASS">
          <reporter-output>
          </reporter-output>
        </test-method> <!-- BeforeSuite -->
        <test-method is-config="true" signature="flush()[pri:0, instance:com.newbikes.test.UsedCarsTest@6c0d9d86, instance params:[{Browser=Firefox}]]" started-at="2022-12-20T02:47:55 IST" name="flush" finished-at="2022-12-20T02:47:55 IST" duration-ms="42" status="PASS">
          <reporter-output>
          </reporter-output>
        </test-method> <!-- flush -->
        <test-method signature="hoverOnUsedCars()[pri:2, instance:com.newbikes.test.UsedCarsTest@53fd0d10, instance params:[{Browser=Edge}]]" started-at="2022-12-20T02:47:55 IST" name="hoverOnUsedCars" finished-at="2022-12-20T02:47:56 IST" depends-on-methods="com.newbikes.test.UsedCarsTest.testUsedCars" duration-ms="1576" status="PASS">
          <reporter-output>
          </reporter-output>
        </test-method> <!-- hoverOnUsedCars -->
        <test-method is-config="true" signature="BeforeSuite()[pri:0, instance:com.newbikes.test.UsedCarsTest@6c0d9d86, instance params:[{Browser=Firefox}]]" started-at="2022-12-20T02:47:55 IST" name="BeforeSuite" finished-at="2022-12-20T02:47:55 IST" duration-ms="0" status="PASS">
          <reporter-output>
          </reporter-output>
        </test-method> <!-- BeforeSuite -->
        <test-method is-config="true" signature="flush()[pri:0, instance:com.newbikes.test.UsedCarsTest@6c0d9d86, instance params:[{Browser=Firefox}]]" started-at="2022-12-20T02:47:56 IST" name="flush" finished-at="2022-12-20T02:47:57 IST" duration-ms="39" status="PASS">
          <reporter-output>
          </reporter-output>
        </test-method> <!-- flush -->
        <test-method signature="clickChennai()[pri:3, instance:com.newbikes.test.UsedCarsTest@53fd0d10, instance params:[{Browser=Edge}]]" started-at="2022-12-20T02:47:57 IST" name="clickChennai" finished-at="2022-12-20T02:47:59 IST" depends-on-methods="com.newbikes.test.UsedCarsTest.hoverOnUsedCars" duration-ms="2542" status="PASS">
          <reporter-output>
          </reporter-output>
        </test-method> <!-- clickChennai -->
        <test-method is-config="true" signature="BeforeSuite()[pri:0, instance:com.newbikes.test.UsedCarsTest@6c0d9d86, instance params:[{Browser=Firefox}]]" started-at="2022-12-20T02:47:57 IST" name="BeforeSuite" finished-at="2022-12-20T02:47:57 IST" duration-ms="0" status="PASS">
          <reporter-output>
          </reporter-output>
        </test-method> <!-- BeforeSuite -->
        <test-method is-config="true" signature="flush()[pri:0, instance:com.newbikes.test.UsedCarsTest@6c0d9d86, instance params:[{Browser=Firefox}]]" started-at="2022-12-20T02:47:59 IST" name="flush" finished-at="2022-12-20T02:47:59 IST" duration-ms="47" status="PASS">
          <reporter-output>
          </reporter-output>
        </test-method> <!-- flush -->
        <test-method is-config="true" signature="BeforeSuite()[pri:0, instance:com.newbikes.test.UsedCarsTest@6c0d9d86, instance params:[{Browser=Firefox}]]" started-at="2022-12-20T02:47:59 IST" name="BeforeSuite" finished-at="2022-12-20T02:47:59 IST" duration-ms="0" status="PASS">
          <reporter-output>
          </reporter-output>
        </test-method> <!-- BeforeSuite -->
        <test-method signature="clickAllPopularCars()[pri:4, instance:com.newbikes.test.UsedCarsTest@53fd0d10, instance params:[{Browser=Edge}]]" started-at="2022-12-20T02:47:59 IST" name="clickAllPopularCars" finished-at="2022-12-20T02:48:33 IST" depends-on-methods="com.newbikes.test.UsedCarsTest.clickChennai" duration-ms="33786" status="PASS">
          <reporter-output>
          </reporter-output>
        </test-method> <!-- clickAllPopularCars -->
        <test-method is-config="true" signature="flush()[pri:0, instance:com.newbikes.test.UsedCarsTest@6c0d9d86, instance params:[{Browser=Firefox}]]" started-at="2022-12-20T02:48:33 IST" name="flush" finished-at="2022-12-20T02:48:33 IST" duration-ms="63" status="PASS">
          <reporter-output>
          </reporter-output>
        </test-method> <!-- flush -->
        <test-method signature="updateCarModelsInExcel()[pri:5, instance:com.newbikes.test.UsedCarsTest@53fd0d10, instance params:[{Browser=Edge}]]" started-at="2022-12-20T02:48:33 IST" name="updateCarModelsInExcel" finished-at="2022-12-20T02:48:58 IST" depends-on-methods="com.newbikes.test.UsedCarsTest.clickAllPopularCars" duration-ms="24691" status="PASS">
          <reporter-output>
          </reporter-output>
        </test-method> <!-- updateCarModelsInExcel -->
        <test-method is-config="true" signature="BeforeSuite()[pri:0, instance:com.newbikes.test.UsedCarsTest@6c0d9d86, instance params:[{Browser=Firefox}]]" started-at="2022-12-20T02:48:33 IST" name="BeforeSuite" finished-at="2022-12-20T02:48:33 IST" duration-ms="0" status="PASS">
          <reporter-output>
          </reporter-output>
        </test-method> <!-- BeforeSuite -->
        <test-method is-config="true" signature="flush()[pri:0, instance:com.newbikes.test.UsedCarsTest@6c0d9d86, instance params:[{Browser=Firefox}]]" started-at="2022-12-20T02:48:58 IST" name="flush" finished-at="2022-12-20T02:48:58 IST" duration-ms="97" status="PASS">
          <reporter-output>
          </reporter-output>
        </test-method> <!-- flush -->
        <test-method is-config="true" signature="tearDown()[pri:0, instance:com.newbikes.test.UsedCarsTest@6c0d9d86, instance params:[{Browser=Firefox}]]" started-at="2022-12-20T02:48:58 IST" name="tearDown" finished-at="2022-12-20T02:48:58 IST" duration-ms="237" status="PASS">
          <reporter-output>
          </reporter-output>
        </test-method> <!-- tearDown -->
        <test-method signature="testUsedCars()[pri:1, instance:com.newbikes.test.UsedCarsTest@6c0d9d86, instance params:[{Browser=Firefox}]]" started-at="2022-12-20T02:48:58 IST" name="testUsedCars" finished-at="2022-12-20T02:49:01 IST" duration-ms="2780" status="PASS">
          <reporter-output>
          </reporter-output>
        </test-method> <!-- testUsedCars -->
        <test-method is-config="true" signature="BeforeSuite()[pri:0, instance:com.newbikes.test.UsedCarsTest@6c0d9d86, instance params:[{Browser=Firefox}]]" started-at="2022-12-20T02:48:58 IST" name="BeforeSuite" finished-at="2022-12-20T02:48:58 IST" duration-ms="0" status="PASS">
          <reporter-output>
          </reporter-output>
        </test-method> <!-- BeforeSuite -->
        <test-method is-config="true" signature="flush()[pri:0, instance:com.newbikes.test.UsedCarsTest@6c0d9d86, instance params:[{Browser=Firefox}]]" started-at="2022-12-20T02:49:01 IST" name="flush" finished-at="2022-12-20T02:49:01 IST" duration-ms="42" status="PASS">
          <reporter-output>
          </reporter-output>
        </test-method> <!-- flush -->
        <test-method signature="hoverOnUsedCars()[pri:2, instance:com.newbikes.test.UsedCarsTest@6c0d9d86, instance params:[{Browser=Firefox}]]" started-at="2022-12-20T02:49:01 IST" name="hoverOnUsedCars" finished-at="2022-12-20T02:49:03 IST" depends-on-methods="com.newbikes.test.UsedCarsTest.testUsedCars" duration-ms="1736" status="PASS">
          <reporter-output>
          </reporter-output>
        </test-method> <!-- hoverOnUsedCars -->
        <test-method is-config="true" signature="BeforeSuite()[pri:0, instance:com.newbikes.test.UsedCarsTest@6c0d9d86, instance params:[{Browser=Firefox}]]" started-at="2022-12-20T02:49:01 IST" name="BeforeSuite" finished-at="2022-12-20T02:49:01 IST" duration-ms="0" status="PASS">
          <reporter-output>
          </reporter-output>
        </test-method> <!-- BeforeSuite -->
        <test-method is-config="true" signature="flush()[pri:0, instance:com.newbikes.test.UsedCarsTest@6c0d9d86, instance params:[{Browser=Firefox}]]" started-at="2022-12-20T02:49:03 IST" name="flush" finished-at="2022-12-20T02:49:03 IST" duration-ms="44" status="PASS">
          <reporter-output>
          </reporter-output>
        </test-method> <!-- flush -->
        <test-method signature="clickChennai()[pri:3, instance:com.newbikes.test.UsedCarsTest@6c0d9d86, instance params:[{Browser=Firefox}]]" started-at="2022-12-20T02:49:03 IST" name="clickChennai" finished-at="2022-12-20T02:49:05 IST" depends-on-methods="com.newbikes.test.UsedCarsTest.hoverOnUsedCars" duration-ms="2033" status="PASS">
          <reporter-output>
          </reporter-output>
        </test-method> <!-- clickChennai -->
        <test-method is-config="true" signature="BeforeSuite()[pri:0, instance:com.newbikes.test.UsedCarsTest@6c0d9d86, instance params:[{Browser=Firefox}]]" started-at="2022-12-20T02:49:03 IST" name="BeforeSuite" finished-at="2022-12-20T02:49:03 IST" duration-ms="0" status="PASS">
          <reporter-output>
          </reporter-output>
        </test-method> <!-- BeforeSuite -->
        <test-method is-config="true" signature="flush()[pri:0, instance:com.newbikes.test.UsedCarsTest@6c0d9d86, instance params:[{Browser=Firefox}]]" started-at="2022-12-20T02:49:05 IST" name="flush" finished-at="2022-12-20T02:49:05 IST" duration-ms="56" status="PASS">
          <reporter-output>
          </reporter-output>
        </test-method> <!-- flush -->
        <test-method signature="clickAllPopularCars()[pri:4, instance:com.newbikes.test.UsedCarsTest@6c0d9d86, instance params:[{Browser=Firefox}]]" started-at="2022-12-20T02:49:05 IST" name="clickAllPopularCars" finished-at="2022-12-20T02:49:36 IST" depends-on-methods="com.newbikes.test.UsedCarsTest.clickChennai" duration-ms="31623" status="PASS">
          <reporter-output>
          </reporter-output>
        </test-method> <!-- clickAllPopularCars -->
        <test-method is-config="true" signature="BeforeSuite()[pri:0, instance:com.newbikes.test.UsedCarsTest@6c0d9d86, instance params:[{Browser=Firefox}]]" started-at="2022-12-20T02:49:05 IST" name="BeforeSuite" finished-at="2022-12-20T02:49:05 IST" duration-ms="0" status="PASS">
          <reporter-output>
          </reporter-output>
        </test-method> <!-- BeforeSuite -->
        <test-method is-config="true" signature="flush()[pri:0, instance:com.newbikes.test.UsedCarsTest@6c0d9d86, instance params:[{Browser=Firefox}]]" started-at="2022-12-20T02:49:36 IST" name="flush" finished-at="2022-12-20T02:49:36 IST" duration-ms="82" status="PASS">
          <reporter-output>
          </reporter-output>
        </test-method> <!-- flush -->
        <test-method signature="updateCarModelsInExcel()[pri:5, instance:com.newbikes.test.UsedCarsTest@6c0d9d86, instance params:[{Browser=Firefox}]]" started-at="2022-12-20T02:49:36 IST" name="updateCarModelsInExcel" finished-at="2022-12-20T02:49:48 IST" depends-on-methods="com.newbikes.test.UsedCarsTest.clickAllPopularCars" duration-ms="11116" status="PASS">
          <reporter-output>
          </reporter-output>
        </test-method> <!-- updateCarModelsInExcel -->
        <test-method is-config="true" signature="BeforeSuite()[pri:0, instance:com.newbikes.test.UsedCarsTest@6c0d9d86, instance params:[{Browser=Firefox}]]" started-at="2022-12-20T02:49:36 IST" name="BeforeSuite" finished-at="2022-12-20T02:49:36 IST" duration-ms="0" status="PASS">
          <reporter-output>
          </reporter-output>
        </test-method> <!-- BeforeSuite -->
        <test-method is-config="true" signature="flush()[pri:0, instance:com.newbikes.test.UsedCarsTest@6c0d9d86, instance params:[{Browser=Firefox}]]" started-at="2022-12-20T02:49:48 IST" name="flush" finished-at="2022-12-20T02:49:48 IST" duration-ms="78" status="PASS">
          <reporter-output>
          </reporter-output>
        </test-method> <!-- flush -->
        <test-method is-config="true" signature="tearDown()[pri:0, instance:com.newbikes.test.UsedCarsTest@6c0d9d86, instance params:[{Browser=Firefox}]]" started-at="2022-12-20T02:49:48 IST" name="tearDown" finished-at="2022-12-20T02:49:48 IST" duration-ms="657" status="PASS">
          <reporter-output>
          </reporter-output>
        </test-method> <!-- tearDown -->
      </class> <!-- com.newbikes.test.UsedCarsTest -->
    </test> <!-- UsedCarsTest -->
  </suite> <!-- IdentifyBikes Regression Test -->
</testng-results>
