<?xml version="1.0" encoding="UTF-8"?>
<!-- Generated by org.testng.reporters.JUnitXMLReporter -->
<testsuite ignored="0" hostname="DESKTOP-2SSI7FC" failures="0" tests="3" name="GoogleSignInTest" time="54.991" errors="0" timestamp="2022-12-19T21:13:23 IST">
  <testcase classname="com.newbikes.test.GoogleSignInTest" name="testGoogleSignIn" time="14.902"/>
  <testcase classname="com.newbikes.test.GoogleSignInTest" name="testGoogleSignIn" time="24.693"/>
  <testcase classname="com.newbikes.test.GoogleSignInTest" name="testGoogleSignIn" time="14.036"/>
</testsuite> <!-- GoogleSignInTest -->
