<?xml version="1.0" encoding="UTF-8"?>
<!-- Generated by org.testng.reporters.JUnitXMLReporter -->
<testsuite ignored="0" hostname="DESKTOP-2SSI7FC" failures="0" tests="3" name="UpcomingBikesTest" time="37.526" errors="0" timestamp="2022-12-19T21:14:00 IST">
  <testcase classname="com.newbikes.test.UpcomingBikesTest" name="testUpcomingBike" time="12.497"/>
  <testcase classname="com.newbikes.test.UpcomingBikesTest" name="testUpcomingBike" time="11.836"/>
  <testcase classname="com.newbikes.test.UpcomingBikesTest" name="testUpcomingBike" time="12.1"/>
</testsuite> <!-- UpcomingBikesTest -->
