<?xml version="1.0" encoding="UTF-8"?>
<!-- Generated by org.testng.reporters.JUnitXMLReporter -->
<testsuite ignored="0" hostname="DESKTOP-2SSI7FC" failures="0" tests="3" name="UsedCarsTest" time="176.221" errors="0" timestamp="2022-12-19T21:16:57 IST">
  <testcase classname="com.newbikes.test.UsedCarsTest" name="testUsedCars" time="63.026"/>
  <testcase classname="com.newbikes.test.UsedCarsTest" name="testUsedCars" time="48.924"/>
  <testcase classname="com.newbikes.test.UsedCarsTest" name="testUsedCars" time="62.929"/>
</testsuite> <!-- UsedCarsTest -->
